{"/Users/markzhang/Documents/MiniPoker/packages/game-core/src/index.ts": {"path":"/Users/markzhang/Documents/MiniPoker/packages/game-core/src/index.ts","all":true,"statementMap":{"0":{"start":{"line":1,"column":0},"end":{"line":1,"column":7}},"1":{"start":{"line":2,"column":0},"end":{"line":2,"column":39}},"2":{"start":{"line":3,"column":0},"end":{"line":3,"column":0}},"3":{"start":{"line":4,"column":0},"end":{"line":4,"column":7}},"4":{"start":{"line":5,"column":0},"end":{"line":5,"column":24}},"5":{"start":{"line":6,"column":0},"end":{"line":6,"column":0}},"6":{"start":{"line":7,"column":0},"end":{"line":7,"column":7}},"7":{"start":{"line":8,"column":0},"end":{"line":8,"column":34}},"8":{"start":{"line":9,"column":0},"end":{"line":9,"column":0}},"9":{"start":{"line":10,"column":0},"end":{"line":10,"column":7}},"10":{"start":{"line":11,"column":0},"end":{"line":11,"column":30}},"11":{"start":{"line":12,"column":0},"end":{"line":12,"column":0}},"12":{"start":{"line":13,"column":0},"end":{"line":13,"column":7}},"13":{"start":{"line":14,"column":0},"end":{"line":14,"column":34}},"14":{"start":{"line":15,"column":0},"end":{"line":15,"column":0}},"15":{"start":{"line":16,"column":0},"end":{"line":16,"column":7}},"16":{"start":{"line":17,"column":0},"end":{"line":17,"column":48}},"17":{"start":{"line":18,"column":0},"end":{"line":18,"column":46}},"18":{"start":{"line":19,"column":0},"end":{"line":19,"column":70}},"19":{"start":{"line":20,"column":0},"end":{"line":20,"column":0}},"20":{"start":{"line":21,"column":0},"end":{"line":21,"column":8}},"21":{"start":{"line":22,"column":0},"end":{"line":22,"column":32}}},"s":{"0":0,"1":0,"2":0,"3":0,"4":0,"5":0,"6":0,"7":0,"8":0,"9":0,"10":0,"11":0,"12":0,"13":0,"14":0,"15":0,"16":0,"17":0,"18":0,"19":0,"20":0,"21":0},"branchMap":{"0":{"type":"branch","line":1,"loc":{"start":{"line":1,"column":428},"end":{"line":22,"column":32}},"locations":[{"start":{"line":1,"column":428},"end":{"line":22,"column":32}}]}},"b":{"0":[0]},"fnMap":{"0":{"name":"(empty-report)","decl":{"start":{"line":1,"column":428},"end":{"line":22,"column":32}},"loc":{"start":{"line":1,"column":428},"end":{"line":22,"column":32}},"line":1}},"f":{"0":0}}
,"/Users/markzhang/Documents/MiniPoker/packages/game-core/src/ai/index.ts": {"path":"/Users/markzhang/Documents/MiniPoker/packages/game-core/src/ai/index.ts","all":false,"statementMap":{"0":{"start":{"line":1,"column":0},"end":{"line":1,"column":54}},"1":{"start":{"line":2,"column":0},"end":{"line":2,"column":35}},"2":{"start":{"line":3,"column":0},"end":{"line":3,"column":35}},"3":{"start":{"line":4,"column":0},"end":{"line":4,"column":49}},"4":{"start":{"line":5,"column":0},"end":{"line":5,"column":47}},"5":{"start":{"line":6,"column":0},"end":{"line":6,"column":73}},"6":{"start":{"line":7,"column":0},"end":{"line":7,"column":0}},"7":{"start":{"line":8,"column":0},"end":{"line":8,"column":23}},"8":{"start":{"line":9,"column":0},"end":{"line":9,"column":110}},"9":{"start":{"line":10,"column":0},"end":{"line":10,"column":44}},"10":{"start":{"line":11,"column":0},"end":{"line":11,"column":18}},"11":{"start":{"line":12,"column":0},"end":{"line":12,"column":32}},"12":{"start":{"line":13,"column":0},"end":{"line":13,"column":5}},"13":{"start":{"line":14,"column":0},"end":{"line":14,"column":0}},"14":{"start":{"line":15,"column":0},"end":{"line":15,"column":46}},"15":{"start":{"line":16,"column":0},"end":{"line":16,"column":0}},"16":{"start":{"line":17,"column":0},"end":{"line":17,"column":20}},"17":{"start":{"line":18,"column":0},"end":{"line":18,"column":54}},"18":{"start":{"line":19,"column":0},"end":{"line":19,"column":5}},"19":{"start":{"line":20,"column":0},"end":{"line":20,"column":0}},"20":{"start":{"line":21,"column":0},"end":{"line":21,"column":69}},"21":{"start":{"line":22,"column":0},"end":{"line":22,"column":22}},"22":{"start":{"line":23,"column":0},"end":{"line":23,"column":58}},"23":{"start":{"line":24,"column":0},"end":{"line":24,"column":5}},"24":{"start":{"line":25,"column":0},"end":{"line":25,"column":0}},"25":{"start":{"line":26,"column":0},"end":{"line":26,"column":30}},"26":{"start":{"line":27,"column":0},"end":{"line":27,"column":3}},"27":{"start":{"line":28,"column":0},"end":{"line":28,"column":0}},"28":{"start":{"line":29,"column":0},"end":{"line":29,"column":108}},"29":{"start":{"line":30,"column":0},"end":{"line":30,"column":44}},"30":{"start":{"line":31,"column":0},"end":{"line":31,"column":18}},"31":{"start":{"line":32,"column":0},"end":{"line":32,"column":32}},"32":{"start":{"line":33,"column":0},"end":{"line":33,"column":5}},"33":{"start":{"line":34,"column":0},"end":{"line":34,"column":0}},"34":{"start":{"line":35,"column":0},"end":{"line":35,"column":46}},"35":{"start":{"line":36,"column":0},"end":{"line":36,"column":0}},"36":{"start":{"line":37,"column":0},"end":{"line":37,"column":20}},"37":{"start":{"line":38,"column":0},"end":{"line":38,"column":54}},"38":{"start":{"line":39,"column":0},"end":{"line":39,"column":5}},"39":{"start":{"line":40,"column":0},"end":{"line":40,"column":0}},"40":{"start":{"line":41,"column":0},"end":{"line":41,"column":69}},"41":{"start":{"line":42,"column":0},"end":{"line":42,"column":22}},"42":{"start":{"line":43,"column":0},"end":{"line":43,"column":58}},"43":{"start":{"line":44,"column":0},"end":{"line":44,"column":5}},"44":{"start":{"line":45,"column":0},"end":{"line":45,"column":0}},"45":{"start":{"line":46,"column":0},"end":{"line":46,"column":30}},"46":{"start":{"line":47,"column":0},"end":{"line":47,"column":3}},"47":{"start":{"line":48,"column":0},"end":{"line":48,"column":0}},"48":{"start":{"line":49,"column":0},"end":{"line":49,"column":128}},"49":{"start":{"line":50,"column":0},"end":{"line":50,"column":44}},"50":{"start":{"line":51,"column":0},"end":{"line":51,"column":18}},"51":{"start":{"line":52,"column":0},"end":{"line":52,"column":32}},"52":{"start":{"line":53,"column":0},"end":{"line":53,"column":5}},"53":{"start":{"line":54,"column":0},"end":{"line":54,"column":0}},"54":{"start":{"line":55,"column":0},"end":{"line":55,"column":61}},"55":{"start":{"line":56,"column":0},"end":{"line":56,"column":44}},"56":{"start":{"line":57,"column":0},"end":{"line":57,"column":30}},"57":{"start":{"line":58,"column":0},"end":{"line":58,"column":0}},"58":{"start":{"line":59,"column":0},"end":{"line":59,"column":31}},"59":{"start":{"line":60,"column":0},"end":{"line":60,"column":32}},"60":{"start":{"line":61,"column":0},"end":{"line":61,"column":60}},"61":{"start":{"line":62,"column":0},"end":{"line":62,"column":7}},"62":{"start":{"line":63,"column":0},"end":{"line":63,"column":32}},"63":{"start":{"line":64,"column":0},"end":{"line":64,"column":5}},"64":{"start":{"line":65,"column":0},"end":{"line":65,"column":0}},"65":{"start":{"line":66,"column":0},"end":{"line":66,"column":32}},"66":{"start":{"line":67,"column":0},"end":{"line":67,"column":38}},"67":{"start":{"line":68,"column":0},"end":{"line":68,"column":34}},"68":{"start":{"line":69,"column":0},"end":{"line":69,"column":7}},"69":{"start":{"line":70,"column":0},"end":{"line":70,"column":32}},"70":{"start":{"line":71,"column":0},"end":{"line":71,"column":5}},"71":{"start":{"line":72,"column":0},"end":{"line":72,"column":0}},"72":{"start":{"line":73,"column":0},"end":{"line":73,"column":32}},"73":{"start":{"line":74,"column":0},"end":{"line":74,"column":38}},"74":{"start":{"line":75,"column":0},"end":{"line":75,"column":34}},"75":{"start":{"line":76,"column":0},"end":{"line":76,"column":7}},"76":{"start":{"line":77,"column":0},"end":{"line":77,"column":32}},"77":{"start":{"line":78,"column":0},"end":{"line":78,"column":34}},"78":{"start":{"line":79,"column":0},"end":{"line":79,"column":7}},"79":{"start":{"line":80,"column":0},"end":{"line":80,"column":32}},"80":{"start":{"line":81,"column":0},"end":{"line":81,"column":5}},"81":{"start":{"line":82,"column":0},"end":{"line":82,"column":0}},"82":{"start":{"line":83,"column":0},"end":{"line":83,"column":30}},"83":{"start":{"line":84,"column":0},"end":{"line":84,"column":3}},"84":{"start":{"line":85,"column":0},"end":{"line":85,"column":0}},"85":{"start":{"line":86,"column":0},"end":{"line":86,"column":100}},"86":{"start":{"line":87,"column":0},"end":{"line":87,"column":56}},"87":{"start":{"line":88,"column":0},"end":{"line":88,"column":0}},"88":{"start":{"line":89,"column":0},"end":{"line":89,"column":61}},"89":{"start":{"line":90,"column":0},"end":{"line":90,"column":31}},"90":{"start":{"line":91,"column":0},"end":{"line":91,"column":57}},"91":{"start":{"line":92,"column":0},"end":{"line":92,"column":5}},"92":{"start":{"line":93,"column":0},"end":{"line":93,"column":0}},"93":{"start":{"line":94,"column":0},"end":{"line":94,"column":58}},"94":{"start":{"line":95,"column":0},"end":{"line":95,"column":21}},"95":{"start":{"line":96,"column":0},"end":{"line":96,"column":51}},"96":{"start":{"line":97,"column":0},"end":{"line":97,"column":5}},"97":{"start":{"line":98,"column":0},"end":{"line":98,"column":0}},"98":{"start":{"line":99,"column":0},"end":{"line":99,"column":62}},"99":{"start":{"line":100,"column":0},"end":{"line":100,"column":23}},"100":{"start":{"line":101,"column":0},"end":{"line":101,"column":53}},"101":{"start":{"line":102,"column":0},"end":{"line":102,"column":5}},"102":{"start":{"line":103,"column":0},"end":{"line":103,"column":0}},"103":{"start":{"line":104,"column":0},"end":{"line":104,"column":27}},"104":{"start":{"line":105,"column":0},"end":{"line":105,"column":57}},"105":{"start":{"line":106,"column":0},"end":{"line":106,"column":5}},"106":{"start":{"line":107,"column":0},"end":{"line":107,"column":0}},"107":{"start":{"line":108,"column":0},"end":{"line":108,"column":30}},"108":{"start":{"line":109,"column":0},"end":{"line":109,"column":3}},"109":{"start":{"line":110,"column":0},"end":{"line":110,"column":0}},"110":{"start":{"line":111,"column":0},"end":{"line":111,"column":65}},"111":{"start":{"line":112,"column":0},"end":{"line":112,"column":56}},"112":{"start":{"line":113,"column":0},"end":{"line":113,"column":54}},"113":{"start":{"line":114,"column":0},"end":{"line":114,"column":60}},"114":{"start":{"line":115,"column":0},"end":{"line":115,"column":52}},"115":{"start":{"line":116,"column":0},"end":{"line":116,"column":7}},"116":{"start":{"line":117,"column":0},"end":{"line":117,"column":5}},"117":{"start":{"line":118,"column":0},"end":{"line":118,"column":16}},"118":{"start":{"line":119,"column":0},"end":{"line":119,"column":3}},"119":{"start":{"line":120,"column":0},"end":{"line":120,"column":0}},"120":{"start":{"line":121,"column":0},"end":{"line":121,"column":67}},"121":{"start":{"line":122,"column":0},"end":{"line":122,"column":56}},"122":{"start":{"line":123,"column":0},"end":{"line":123,"column":54}},"123":{"start":{"line":124,"column":0},"end":{"line":124,"column":115}},"124":{"start":{"line":125,"column":0},"end":{"line":125,"column":72}},"125":{"start":{"line":126,"column":0},"end":{"line":126,"column":7}},"126":{"start":{"line":127,"column":0},"end":{"line":127,"column":5}},"127":{"start":{"line":128,"column":0},"end":{"line":128,"column":16}},"128":{"start":{"line":129,"column":0},"end":{"line":129,"column":3}},"129":{"start":{"line":130,"column":0},"end":{"line":130,"column":0}},"130":{"start":{"line":131,"column":0},"end":{"line":131,"column":90}},"131":{"start":{"line":132,"column":0},"end":{"line":132,"column":56}},"132":{"start":{"line":133,"column":0},"end":{"line":133,"column":0}},"133":{"start":{"line":134,"column":0},"end":{"line":134,"column":69}},"134":{"start":{"line":135,"column":0},"end":{"line":135,"column":0}},"135":{"start":{"line":136,"column":0},"end":{"line":136,"column":43}},"136":{"start":{"line":137,"column":0},"end":{"line":137,"column":39}},"137":{"start":{"line":138,"column":0},"end":{"line":138,"column":104}},"138":{"start":{"line":139,"column":0},"end":{"line":139,"column":55}},"139":{"start":{"line":140,"column":0},"end":{"line":140,"column":70}},"140":{"start":{"line":141,"column":0},"end":{"line":141,"column":28}},"141":{"start":{"line":142,"column":0},"end":{"line":142,"column":11}},"142":{"start":{"line":143,"column":0},"end":{"line":143,"column":9}},"143":{"start":{"line":144,"column":0},"end":{"line":144,"column":7}},"144":{"start":{"line":145,"column":0},"end":{"line":145,"column":5}},"145":{"start":{"line":146,"column":0},"end":{"line":146,"column":0}},"146":{"start":{"line":147,"column":0},"end":{"line":147,"column":20}},"147":{"start":{"line":148,"column":0},"end":{"line":148,"column":3}},"148":{"start":{"line":149,"column":0},"end":{"line":149,"column":0}},"149":{"start":{"line":150,"column":0},"end":{"line":150,"column":72}},"150":{"start":{"line":151,"column":0},"end":{"line":151,"column":35}},"151":{"start":{"line":152,"column":0},"end":{"line":152,"column":0}},"152":{"start":{"line":153,"column":0},"end":{"line":153,"column":31}},"153":{"start":{"line":154,"column":0},"end":{"line":154,"column":47}},"154":{"start":{"line":155,"column":0},"end":{"line":155,"column":27}},"155":{"start":{"line":156,"column":0},"end":{"line":156,"column":27}},"156":{"start":{"line":157,"column":0},"end":{"line":157,"column":7}},"157":{"start":{"line":158,"column":0},"end":{"line":158,"column":5}},"158":{"start":{"line":159,"column":0},"end":{"line":159,"column":0}},"159":{"start":{"line":160,"column":0},"end":{"line":160,"column":48}},"160":{"start":{"line":161,"column":0},"end":{"line":161,"column":50}},"161":{"start":{"line":162,"column":0},"end":{"line":162,"column":61}},"162":{"start":{"line":163,"column":0},"end":{"line":163,"column":29}},"163":{"start":{"line":164,"column":0},"end":{"line":164,"column":29}},"164":{"start":{"line":165,"column":0},"end":{"line":165,"column":9}},"165":{"start":{"line":166,"column":0},"end":{"line":166,"column":7}},"166":{"start":{"line":167,"column":0},"end":{"line":167,"column":5}},"167":{"start":{"line":168,"column":0},"end":{"line":168,"column":0}},"168":{"start":{"line":169,"column":0},"end":{"line":169,"column":48}},"169":{"start":{"line":170,"column":0},"end":{"line":170,"column":54}},"170":{"start":{"line":171,"column":0},"end":{"line":171,"column":52}},"171":{"start":{"line":172,"column":0},"end":{"line":172,"column":75}},"172":{"start":{"line":173,"column":0},"end":{"line":173,"column":31}},"173":{"start":{"line":174,"column":0},"end":{"line":174,"column":31}},"174":{"start":{"line":175,"column":0},"end":{"line":175,"column":11}},"175":{"start":{"line":176,"column":0},"end":{"line":176,"column":9}},"176":{"start":{"line":177,"column":0},"end":{"line":177,"column":7}},"177":{"start":{"line":178,"column":0},"end":{"line":178,"column":5}},"178":{"start":{"line":179,"column":0},"end":{"line":179,"column":0}},"179":{"start":{"line":180,"column":0},"end":{"line":180,"column":48}},"180":{"start":{"line":181,"column":0},"end":{"line":181,"column":54}},"181":{"start":{"line":182,"column":0},"end":{"line":182,"column":56}},"182":{"start":{"line":183,"column":0},"end":{"line":183,"column":54}},"183":{"start":{"line":184,"column":0},"end":{"line":184,"column":85}},"184":{"start":{"line":185,"column":0},"end":{"line":185,"column":33}},"185":{"start":{"line":186,"column":0},"end":{"line":186,"column":33}},"186":{"start":{"line":187,"column":0},"end":{"line":187,"column":13}},"187":{"start":{"line":188,"column":0},"end":{"line":188,"column":11}},"188":{"start":{"line":189,"column":0},"end":{"line":189,"column":9}},"189":{"start":{"line":190,"column":0},"end":{"line":190,"column":7}},"190":{"start":{"line":191,"column":0},"end":{"line":191,"column":5}},"191":{"start":{"line":192,"column":0},"end":{"line":192,"column":0}},"192":{"start":{"line":193,"column":0},"end":{"line":193,"column":17}},"193":{"start":{"line":194,"column":0},"end":{"line":194,"column":3}},"194":{"start":{"line":195,"column":0},"end":{"line":195,"column":1}}},"s":{"0":1,"1":1,"2":1,"3":1,"4":1,"5":1,"6":1,"7":1,"8":1,"9":2,"10":2,"11":0,"12":0,"13":2,"14":2,"15":2,"16":2,"17":1,"18":1,"19":1,"20":1,"21":1,"22":1,"23":1,"24":0,"25":0,"26":2,"27":1,"28":1,"29":0,"30":0,"31":0,"32":0,"33":0,"34":0,"35":0,"36":0,"37":0,"38":0,"39":0,"40":0,"41":0,"42":0,"43":0,"44":0,"45":0,"46":0,"47":1,"48":1,"49":1,"50":1,"51":0,"52":0,"53":1,"54":1,"55":1,"56":1,"57":1,"58":1,"59":0,"60":0,"61":0,"62":0,"63":0,"64":1,"65":1,"66":0,"67":0,"68":0,"69":0,"70":0,"71":1,"72":1,"73":1,"74":1,"75":1,"76":0,"77":0,"78":0,"79":0,"80":0,"81":0,"82":0,"83":1,"84":1,"85":1,"86":1,"87":1,"88":1,"89":1,"90":1,"91":1,"92":0,"93":0,"94":0,"95":0,"96":0,"97":0,"98":0,"99":0,"100":0,"101":0,"102":0,"103":0,"104":0,"105":0,"106":0,"107":0,"108":1,"109":1,"110":1,"111":0,"112":0,"113":0,"114":0,"115":0,"116":0,"117":0,"118":0,"119":1,"120":1,"121":0,"122":0,"123":0,"124":0,"125":0,"126":0,"127":0,"128":0,"129":1,"130":1,"131":1,"132":1,"133":1,"134":1,"135":1,"136":1,"137":28,"138":17,"139":1,"140":1,"141":1,"142":1,"143":17,"144":28,"145":1,"146":1,"147":1,"148":1,"149":1,"150":1,"151":1,"152":1,"153":17,"154":17,"155":17,"156":17,"157":17,"158":1,"159":1,"160":16,"161":136,"162":136,"163":9,"164":9,"165":136,"166":16,"167":1,"168":1,"169":15,"170":120,"171":680,"172":680,"173":2,"174":2,"175":680,"176":120,"177":15,"178":1,"179":1,"180":14,"181":105,"182":560,"183":2380,"184":2380,"185":0,"186":0,"187":2380,"188":560,"189":105,"190":14,"191":1,"192":1,"193":1,"194":1},"branchMap":{"0":{"type":"branch","line":9,"loc":{"start":{"line":9,"column":9},"end":{"line":27,"column":3}},"locations":[{"start":{"line":9,"column":9},"end":{"line":27,"column":3}}]},"1":{"type":"branch","line":11,"loc":{"start":{"line":11,"column":17},"end":{"line":13,"column":5}},"locations":[{"start":{"line":11,"column":17},"end":{"line":13,"column":5}}]},"2":{"type":"branch","line":17,"loc":{"start":{"line":17,"column":19},"end":{"line":24,"column":5}},"locations":[{"start":{"line":17,"column":19},"end":{"line":24,"column":5}}]},"3":{"type":"branch","line":24,"loc":{"start":{"line":24,"column":4},"end":{"line":26,"column":30}},"locations":[{"start":{"line":24,"column":4},"end":{"line":26,"column":30}}]},"4":{"type":"branch","line":49,"loc":{"start":{"line":49,"column":9},"end":{"line":84,"column":3}},"locations":[{"start":{"line":49,"column":9},"end":{"line":84,"column":3}}]},"5":{"type":"branch","line":51,"loc":{"start":{"line":51,"column":17},"end":{"line":53,"column":5}},"locations":[{"start":{"line":51,"column":17},"end":{"line":53,"column":5}}]},"6":{"type":"branch","line":59,"loc":{"start":{"line":59,"column":30},"end":{"line":64,"column":5}},"locations":[{"start":{"line":59,"column":30},"end":{"line":64,"column":5}}]},"7":{"type":"branch","line":66,"loc":{"start":{"line":66,"column":31},"end":{"line":71,"column":5}},"locations":[{"start":{"line":66,"column":31},"end":{"line":71,"column":5}}]},"8":{"type":"branch","line":76,"loc":{"start":{"line":76,"column":6},"end":{"line":83,"column":30}},"locations":[{"start":{"line":76,"column":6},"end":{"line":83,"column":30}}]},"9":{"type":"branch","line":86,"loc":{"start":{"line":86,"column":17},"end":{"line":109,"column":3}},"locations":[{"start":{"line":86,"column":17},"end":{"line":109,"column":3}}]},"10":{"type":"branch","line":92,"loc":{"start":{"line":92,"column":4},"end":{"line":108,"column":30}},"locations":[{"start":{"line":92,"column":4},"end":{"line":108,"column":30}}]},"11":{"type":"branch","line":131,"loc":{"start":{"line":131,"column":17},"end":{"line":148,"column":3}},"locations":[{"start":{"line":131,"column":17},"end":{"line":148,"column":3}}]},"12":{"type":"branch","line":137,"loc":{"start":{"line":137,"column":38},"end":{"line":145,"column":5}},"locations":[{"start":{"line":137,"column":38},"end":{"line":145,"column":5}}]},"13":{"type":"branch","line":138,"loc":{"start":{"line":138,"column":33},"end":{"line":138,"column":72}},"locations":[{"start":{"line":138,"column":33},"end":{"line":138,"column":72}}]},"14":{"type":"branch","line":138,"loc":{"start":{"line":138,"column":64},"end":{"line":138,"column":103}},"locations":[{"start":{"line":138,"column":64},"end":{"line":138,"column":103}}]},"15":{"type":"branch","line":138,"loc":{"start":{"line":138,"column":103},"end":{"line":144,"column":7}},"locations":[{"start":{"line":138,"column":103},"end":{"line":144,"column":7}}]},"16":{"type":"branch","line":139,"loc":{"start":{"line":139,"column":54},"end":{"line":143,"column":9}},"locations":[{"start":{"line":139,"column":54},"end":{"line":143,"column":9}}]},"17":{"type":"branch","line":140,"loc":{"start":{"line":140,"column":15},"end":{"line":140,"column":69}},"locations":[{"start":{"line":140,"column":15},"end":{"line":140,"column":69}}]},"18":{"type":"branch","line":150,"loc":{"start":{"line":150,"column":17},"end":{"line":194,"column":3}},"locations":[{"start":{"line":150,"column":17},"end":{"line":194,"column":3}}]},"19":{"type":"branch","line":153,"loc":{"start":{"line":153,"column":30},"end":{"line":158,"column":5}},"locations":[{"start":{"line":153,"column":30},"end":{"line":158,"column":5}}]},"20":{"type":"branch","line":160,"loc":{"start":{"line":160,"column":47},"end":{"line":167,"column":5}},"locations":[{"start":{"line":160,"column":47},"end":{"line":167,"column":5}}]},"21":{"type":"branch","line":161,"loc":{"start":{"line":161,"column":49},"end":{"line":166,"column":7}},"locations":[{"start":{"line":161,"column":49},"end":{"line":166,"column":7}}]},"22":{"type":"branch","line":163,"loc":{"start":{"line":163,"column":28},"end":{"line":165,"column":9}},"locations":[{"start":{"line":163,"column":28},"end":{"line":165,"column":9}}]},"23":{"type":"branch","line":169,"loc":{"start":{"line":169,"column":47},"end":{"line":178,"column":5}},"locations":[{"start":{"line":169,"column":47},"end":{"line":178,"column":5}}]},"24":{"type":"branch","line":170,"loc":{"start":{"line":170,"column":53},"end":{"line":177,"column":7}},"locations":[{"start":{"line":170,"column":53},"end":{"line":177,"column":7}}]},"25":{"type":"branch","line":171,"loc":{"start":{"line":171,"column":51},"end":{"line":176,"column":9}},"locations":[{"start":{"line":171,"column":51},"end":{"line":176,"column":9}}]},"26":{"type":"branch","line":173,"loc":{"start":{"line":173,"column":30},"end":{"line":175,"column":11}},"locations":[{"start":{"line":173,"column":30},"end":{"line":175,"column":11}}]},"27":{"type":"branch","line":180,"loc":{"start":{"line":180,"column":47},"end":{"line":191,"column":5}},"locations":[{"start":{"line":180,"column":47},"end":{"line":191,"column":5}}]},"28":{"type":"branch","line":181,"loc":{"start":{"line":181,"column":53},"end":{"line":190,"column":7}},"locations":[{"start":{"line":181,"column":53},"end":{"line":190,"column":7}}]},"29":{"type":"branch","line":182,"loc":{"start":{"line":182,"column":55},"end":{"line":189,"column":9}},"locations":[{"start":{"line":182,"column":55},"end":{"line":189,"column":9}}]},"30":{"type":"branch","line":183,"loc":{"start":{"line":183,"column":53},"end":{"line":188,"column":11}},"locations":[{"start":{"line":183,"column":53},"end":{"line":188,"column":11}}]},"31":{"type":"branch","line":185,"loc":{"start":{"line":185,"column":32},"end":{"line":187,"column":13}},"locations":[{"start":{"line":185,"column":32},"end":{"line":187,"column":13}}]}},"b":{"0":[2],"1":[0],"2":[1],"3":[0],"4":[1],"5":[0],"6":[0],"7":[0],"8":[0],"9":[1],"10":[0],"11":[1],"12":[28],"13":[11],"14":[11],"15":[17],"16":[1],"17":[0],"18":[1],"19":[17],"20":[16],"21":[136],"22":[9],"23":[15],"24":[120],"25":[680],"26":[2],"27":[14],"28":[105],"29":[560],"30":[2380],"31":[0]},"fnMap":{"0":{"name":"makeDouDiZhuMove","decl":{"start":{"line":9,"column":9},"end":{"line":27,"column":3}},"loc":{"start":{"line":9,"column":9},"end":{"line":27,"column":3}},"line":9},"1":{"name":"makeGuanDanMove","decl":{"start":{"line":29,"column":9},"end":{"line":47,"column":3}},"loc":{"start":{"line":29,"column":9},"end":{"line":47,"column":3}},"line":29},"2":{"name":"makeZhaJinHuaMove","decl":{"start":{"line":49,"column":9},"end":{"line":84,"column":3}},"loc":{"start":{"line":49,"column":9},"end":{"line":84,"column":3}},"line":49},"3":{"name":"findSmallestValidHand","decl":{"start":{"line":86,"column":17},"end":{"line":109,"column":3}},"loc":{"start":{"line":86,"column":17},"end":{"line":109,"column":3}},"line":86},"4":{"name":"findSmallestPair","decl":{"start":{"line":111,"column":17},"end":{"line":119,"column":3}},"loc":{"start":{"line":111,"column":17},"end":{"line":119,"column":3}},"line":111},"5":{"name":"findSmallestTriple","decl":{"start":{"line":121,"column":17},"end":{"line":129,"column":3}},"loc":{"start":{"line":121,"column":17},"end":{"line":129,"column":3}},"line":121},"6":{"name":"findBeatingHand","decl":{"start":{"line":131,"column":17},"end":{"line":148,"column":3}},"loc":{"start":{"line":131,"column":17},"end":{"line":148,"column":3}},"line":131},"7":{"name":"generateAllPossibleHands","decl":{"start":{"line":150,"column":17},"end":{"line":194,"column":3}},"loc":{"start":{"line":150,"column":17},"end":{"line":194,"column":3}},"line":150}},"f":{"0":2,"1":0,"2":1,"3":1,"4":0,"5":0,"6":1,"7":1}}
,"/Users/markzhang/Documents/MiniPoker/packages/game-core/src/card/index.ts": {"path":"/Users/markzhang/Documents/MiniPoker/packages/game-core/src/card/index.ts","all":false,"statementMap":{"0":{"start":{"line":1,"column":0},"end":{"line":1,"column":44}},"1":{"start":{"line":2,"column":0},"end":{"line":2,"column":0}},"2":{"start":{"line":3,"column":0},"end":{"line":3,"column":23}},"3":{"start":{"line":4,"column":0},"end":{"line":4,"column":51}},"4":{"start":{"line":5,"column":0},"end":{"line":5,"column":12}},"5":{"start":{"line":6,"column":0},"end":{"line":6,"column":11}},"6":{"start":{"line":7,"column":0},"end":{"line":7,"column":11}},"7":{"start":{"line":8,"column":0},"end":{"line":8,"column":27}},"8":{"start":{"line":9,"column":0},"end":{"line":9,"column":6}},"9":{"start":{"line":10,"column":0},"end":{"line":10,"column":3}},"10":{"start":{"line":11,"column":0},"end":{"line":11,"column":0}},"11":{"start":{"line":12,"column":0},"end":{"line":12,"column":68}},"12":{"start":{"line":13,"column":0},"end":{"line":13,"column":28}},"13":{"start":{"line":14,"column":0},"end":{"line":14,"column":68}},"14":{"start":{"line":15,"column":0},"end":{"line":15,"column":19}},"15":{"start":{"line":16,"column":0},"end":{"line":16,"column":61}},"16":{"start":{"line":17,"column":0},"end":{"line":17,"column":62}},"17":{"start":{"line":18,"column":0},"end":{"line":18,"column":22}},"18":{"start":{"line":19,"column":0},"end":{"line":19,"column":6}},"19":{"start":{"line":20,"column":0},"end":{"line":20,"column":0}},"20":{"start":{"line":21,"column":0},"end":{"line":21,"column":31}},"21":{"start":{"line":22,"column":0},"end":{"line":22,"column":33}},"22":{"start":{"line":23,"column":0},"end":{"line":23,"column":47}},"23":{"start":{"line":24,"column":0},"end":{"line":24,"column":7}},"24":{"start":{"line":25,"column":0},"end":{"line":25,"column":5}},"25":{"start":{"line":26,"column":0},"end":{"line":26,"column":0}},"26":{"start":{"line":27,"column":0},"end":{"line":27,"column":24}},"27":{"start":{"line":28,"column":0},"end":{"line":28,"column":69}},"28":{"start":{"line":29,"column":0},"end":{"line":29,"column":65}},"29":{"start":{"line":30,"column":0},"end":{"line":30,"column":5}},"30":{"start":{"line":31,"column":0},"end":{"line":31,"column":0}},"31":{"start":{"line":32,"column":0},"end":{"line":32,"column":16}},"32":{"start":{"line":33,"column":0},"end":{"line":33,"column":3}},"33":{"start":{"line":34,"column":0},"end":{"line":34,"column":0}},"34":{"start":{"line":35,"column":0},"end":{"line":35,"column":38}},"35":{"start":{"line":36,"column":0},"end":{"line":36,"column":28}},"36":{"start":{"line":37,"column":0},"end":{"line":37,"column":68}},"37":{"start":{"line":38,"column":0},"end":{"line":38,"column":19}},"38":{"start":{"line":39,"column":0},"end":{"line":39,"column":61}},"39":{"start":{"line":40,"column":0},"end":{"line":40,"column":62}},"40":{"start":{"line":41,"column":0},"end":{"line":41,"column":22}},"41":{"start":{"line":42,"column":0},"end":{"line":42,"column":6}},"42":{"start":{"line":43,"column":0},"end":{"line":43,"column":0}},"43":{"start":{"line":44,"column":0},"end":{"line":44,"column":33}},"44":{"start":{"line":45,"column":0},"end":{"line":45,"column":33}},"45":{"start":{"line":46,"column":0},"end":{"line":46,"column":35}},"46":{"start":{"line":47,"column":0},"end":{"line":47,"column":49}},"47":{"start":{"line":48,"column":0},"end":{"line":48,"column":9}},"48":{"start":{"line":49,"column":0},"end":{"line":49,"column":7}},"49":{"start":{"line":50,"column":0},"end":{"line":50,"column":69}},"50":{"start":{"line":51,"column":0},"end":{"line":51,"column":65}},"51":{"start":{"line":52,"column":0},"end":{"line":52,"column":5}},"52":{"start":{"line":53,"column":0},"end":{"line":53,"column":0}},"53":{"start":{"line":54,"column":0},"end":{"line":54,"column":16}},"54":{"start":{"line":55,"column":0},"end":{"line":55,"column":3}},"55":{"start":{"line":56,"column":0},"end":{"line":56,"column":0}},"56":{"start":{"line":57,"column":0},"end":{"line":57,"column":70}},"57":{"start":{"line":58,"column":0},"end":{"line":58,"column":38}},"58":{"start":{"line":59,"column":0},"end":{"line":59,"column":22}},"59":{"start":{"line":60,"column":0},"end":{"line":60,"column":31}},"60":{"start":{"line":61,"column":0},"end":{"line":61,"column":7}},"61":{"start":{"line":62,"column":0},"end":{"line":62,"column":29}},"62":{"start":{"line":63,"column":0},"end":{"line":63,"column":7}},"63":{"start":{"line":64,"column":0},"end":{"line":64,"column":3}},"64":{"start":{"line":65,"column":0},"end":{"line":65,"column":0}},"65":{"start":{"line":66,"column":0},"end":{"line":66,"column":59}},"66":{"start":{"line":67,"column":0},"end":{"line":67,"column":40}},"67":{"start":{"line":68,"column":0},"end":{"line":68,"column":31}},"68":{"start":{"line":69,"column":0},"end":{"line":69,"column":32}},"69":{"start":{"line":70,"column":0},"end":{"line":70,"column":31}},"70":{"start":{"line":71,"column":0},"end":{"line":71,"column":7}},"71":{"start":{"line":72,"column":0},"end":{"line":72,"column":37}},"72":{"start":{"line":73,"column":0},"end":{"line":73,"column":5}},"73":{"start":{"line":74,"column":0},"end":{"line":74,"column":15}},"74":{"start":{"line":75,"column":0},"end":{"line":75,"column":3}},"75":{"start":{"line":76,"column":0},"end":{"line":76,"column":0}},"76":{"start":{"line":77,"column":0},"end":{"line":77,"column":58}},"77":{"start":{"line":78,"column":0},"end":{"line":78,"column":43}},"78":{"start":{"line":79,"column":0},"end":{"line":79,"column":31}},"79":{"start":{"line":80,"column":0},"end":{"line":80,"column":62}},"80":{"start":{"line":81,"column":0},"end":{"line":81,"column":5}},"81":{"start":{"line":82,"column":0},"end":{"line":82,"column":18}},"82":{"start":{"line":83,"column":0},"end":{"line":83,"column":3}},"83":{"start":{"line":84,"column":0},"end":{"line":84,"column":0}},"84":{"start":{"line":85,"column":0},"end":{"line":85,"column":39}},"85":{"start":{"line":86,"column":0},"end":{"line":86,"column":74}},"86":{"start":{"line":87,"column":0},"end":{"line":87,"column":3}},"87":{"start":{"line":88,"column":0},"end":{"line":88,"column":0}},"88":{"start":{"line":89,"column":0},"end":{"line":89,"column":43}},"89":{"start":{"line":90,"column":0},"end":{"line":90,"column":50}},"90":{"start":{"line":91,"column":0},"end":{"line":91,"column":3}},"91":{"start":{"line":92,"column":0},"end":{"line":92,"column":1}}},"s":{"0":1,"1":1,"2":1,"3":1,"4":1931,"5":1931,"6":1931,"7":1931,"8":1931,"9":1931,"10":1,"11":1,"12":21,"13":21,"14":21,"15":21,"16":21,"17":21,"18":21,"19":21,"20":21,"21":84,"22":1092,"23":1092,"24":84,"25":21,"26":21,"27":13,"28":13,"29":13,"30":21,"31":21,"32":21,"33":1,"34":1,"35":7,"36":7,"37":7,"38":7,"39":7,"40":7,"41":7,"42":7,"43":7,"44":14,"45":56,"46":728,"47":728,"48":56,"49":14,"50":14,"51":14,"52":7,"53":7,"54":7,"55":1,"56":1,"57":73,"58":1410,"59":156,"60":156,"61":1254,"62":73,"63":73,"64":1,"65":1,"66":0,"67":0,"68":0,"69":0,"70":0,"71":0,"72":0,"73":0,"74":0,"75":1,"76":1,"77":1,"78":1,"79":3,"80":3,"81":1,"82":1,"83":1,"84":1,"85":8,"86":8,"87":1,"88":1,"89":0,"90":0,"91":1},"branchMap":{"0":{"type":"branch","line":4,"loc":{"start":{"line":4,"column":9},"end":{"line":10,"column":3}},"locations":[{"start":{"line":4,"column":9},"end":{"line":10,"column":3}}]},"1":{"type":"branch","line":12,"loc":{"start":{"line":12,"column":9},"end":{"line":33,"column":3}},"locations":[{"start":{"line":12,"column":9},"end":{"line":33,"column":3}}]},"2":{"type":"branch","line":21,"loc":{"start":{"line":21,"column":30},"end":{"line":25,"column":5}},"locations":[{"start":{"line":21,"column":30},"end":{"line":25,"column":5}}]},"3":{"type":"branch","line":22,"loc":{"start":{"line":22,"column":32},"end":{"line":24,"column":7}},"locations":[{"start":{"line":22,"column":32},"end":{"line":24,"column":7}}]},"4":{"type":"branch","line":27,"loc":{"start":{"line":27,"column":23},"end":{"line":30,"column":5}},"locations":[{"start":{"line":27,"column":23},"end":{"line":30,"column":5}}]},"5":{"type":"branch","line":35,"loc":{"start":{"line":35,"column":9},"end":{"line":55,"column":3}},"locations":[{"start":{"line":35,"column":9},"end":{"line":55,"column":3}}]},"6":{"type":"branch","line":44,"loc":{"start":{"line":44,"column":32},"end":{"line":52,"column":5}},"locations":[{"start":{"line":44,"column":32},"end":{"line":52,"column":5}}]},"7":{"type":"branch","line":45,"loc":{"start":{"line":45,"column":32},"end":{"line":49,"column":7}},"locations":[{"start":{"line":45,"column":32},"end":{"line":49,"column":7}}]},"8":{"type":"branch","line":46,"loc":{"start":{"line":46,"column":34},"end":{"line":48,"column":9}},"locations":[{"start":{"line":46,"column":34},"end":{"line":48,"column":9}}]},"9":{"type":"branch","line":57,"loc":{"start":{"line":57,"column":9},"end":{"line":64,"column":3}},"locations":[{"start":{"line":57,"column":9},"end":{"line":64,"column":3}}]},"10":{"type":"branch","line":58,"loc":{"start":{"line":58,"column":27},"end":{"line":63,"column":5}},"locations":[{"start":{"line":58,"column":27},"end":{"line":63,"column":5}}]},"11":{"type":"branch","line":59,"loc":{"start":{"line":59,"column":21},"end":{"line":61,"column":7}},"locations":[{"start":{"line":59,"column":21},"end":{"line":61,"column":7}}]},"12":{"type":"branch","line":61,"loc":{"start":{"line":61,"column":6},"end":{"line":62,"column":29}},"locations":[{"start":{"line":61,"column":6},"end":{"line":62,"column":29}}]},"13":{"type":"branch","line":77,"loc":{"start":{"line":77,"column":9},"end":{"line":83,"column":3}},"locations":[{"start":{"line":77,"column":9},"end":{"line":83,"column":3}}]},"14":{"type":"branch","line":79,"loc":{"start":{"line":79,"column":30},"end":{"line":81,"column":5}},"locations":[{"start":{"line":79,"column":30},"end":{"line":81,"column":5}}]},"15":{"type":"branch","line":80,"loc":{"start":{"line":80,"column":49},"end":{"line":80,"column":59}},"locations":[{"start":{"line":80,"column":49},"end":{"line":80,"column":59}}]},"16":{"type":"branch","line":85,"loc":{"start":{"line":85,"column":9},"end":{"line":87,"column":3}},"locations":[{"start":{"line":85,"column":9},"end":{"line":87,"column":3}}]},"17":{"type":"branch","line":86,"loc":{"start":{"line":86,"column":30},"end":{"line":86,"column":74}},"locations":[{"start":{"line":86,"column":30},"end":{"line":86,"column":74}}]}},"b":{"0":[1931],"1":[21],"2":[84],"3":[1092],"4":[13],"5":[7],"6":[14],"7":[56],"8":[728],"9":[73],"10":[1410],"11":[156],"12":[1254],"13":[1],"14":[3],"15":[2],"16":[8],"17":[7]},"fnMap":{"0":{"name":"createCard","decl":{"start":{"line":4,"column":9},"end":{"line":10,"column":3}},"loc":{"start":{"line":4,"column":9},"end":{"line":10,"column":3}},"line":4},"1":{"name":"createStandardDeck","decl":{"start":{"line":12,"column":9},"end":{"line":33,"column":3}},"loc":{"start":{"line":12,"column":9},"end":{"line":33,"column":3}},"line":12},"2":{"name":"createGuanDanDeck","decl":{"start":{"line":35,"column":9},"end":{"line":55,"column":3}},"loc":{"start":{"line":35,"column":9},"end":{"line":55,"column":3}},"line":35},"3":{"name":"sortCards","decl":{"start":{"line":57,"column":9},"end":{"line":64,"column":3}},"loc":{"start":{"line":57,"column":9},"end":{"line":64,"column":3}},"line":57},"4":{"name":"getCardsByRank","decl":{"start":{"line":66,"column":9},"end":{"line":75,"column":3}},"loc":{"start":{"line":66,"column":9},"end":{"line":75,"column":3}},"line":66},"5":{"name":"getRankCounts","decl":{"start":{"line":77,"column":9},"end":{"line":83,"column":3}},"loc":{"start":{"line":77,"column":9},"end":{"line":83,"column":3}},"line":77},"6":{"name":"isJoker","decl":{"start":{"line":85,"column":9},"end":{"line":87,"column":3}},"loc":{"start":{"line":85,"column":9},"end":{"line":87,"column":3}},"line":85},"7":{"name":"hasJoker","decl":{"start":{"line":89,"column":9},"end":{"line":91,"column":3}},"loc":{"start":{"line":89,"column":9},"end":{"line":91,"column":3}},"line":89}},"f":{"0":1931,"1":21,"2":7,"3":73,"4":0,"5":1,"6":8,"7":0}}
,"/Users/markzhang/Documents/MiniPoker/packages/game-core/src/deck/index.ts": {"path":"/Users/markzhang/Documents/MiniPoker/packages/game-core/src/deck/index.ts","all":false,"statementMap":{"0":{"start":{"line":1,"column":0},"end":{"line":1,"column":32}},"1":{"start":{"line":2,"column":0},"end":{"line":2,"column":35}},"2":{"start":{"line":3,"column":0},"end":{"line":3,"column":0}},"3":{"start":{"line":4,"column":0},"end":{"line":4,"column":19}},"4":{"start":{"line":5,"column":0},"end":{"line":5,"column":24}},"5":{"start":{"line":6,"column":0},"end":{"line":6,"column":0}},"6":{"start":{"line":7,"column":0},"end":{"line":7,"column":30}},"7":{"start":{"line":8,"column":0},"end":{"line":8,"column":28}},"8":{"start":{"line":9,"column":0},"end":{"line":9,"column":3}},"9":{"start":{"line":10,"column":0},"end":{"line":10,"column":0}},"10":{"start":{"line":11,"column":0},"end":{"line":11,"column":66}},"11":{"start":{"line":12,"column":0},"end":{"line":12,"column":64}},"12":{"start":{"line":13,"column":0},"end":{"line":13,"column":3}},"13":{"start":{"line":14,"column":0},"end":{"line":14,"column":0}},"14":{"start":{"line":15,"column":0},"end":{"line":15,"column":36}},"15":{"start":{"line":16,"column":0},"end":{"line":16,"column":50}},"16":{"start":{"line":17,"column":0},"end":{"line":17,"column":3}},"17":{"start":{"line":18,"column":0},"end":{"line":18,"column":0}},"18":{"start":{"line":19,"column":0},"end":{"line":19,"column":19}},"19":{"start":{"line":20,"column":0},"end":{"line":20,"column":53}},"20":{"start":{"line":21,"column":0},"end":{"line":21,"column":52}},"21":{"start":{"line":22,"column":0},"end":{"line":22,"column":70}},"22":{"start":{"line":23,"column":0},"end":{"line":23,"column":5}},"23":{"start":{"line":24,"column":0},"end":{"line":24,"column":3}},"24":{"start":{"line":25,"column":0},"end":{"line":25,"column":0}},"25":{"start":{"line":26,"column":0},"end":{"line":26,"column":30}},"26":{"start":{"line":27,"column":0},"end":{"line":27,"column":53}},"27":{"start":{"line":28,"column":0},"end":{"line":28,"column":52}},"28":{"start":{"line":29,"column":0},"end":{"line":29,"column":70}},"29":{"start":{"line":30,"column":0},"end":{"line":30,"column":5}},"30":{"start":{"line":31,"column":0},"end":{"line":31,"column":3}},"31":{"start":{"line":32,"column":0},"end":{"line":32,"column":0}},"32":{"start":{"line":33,"column":0},"end":{"line":33,"column":31}},"33":{"start":{"line":34,"column":0},"end":{"line":34,"column":36}},"34":{"start":{"line":35,"column":0},"end":{"line":35,"column":50}},"35":{"start":{"line":36,"column":0},"end":{"line":36,"column":5}},"36":{"start":{"line":37,"column":0},"end":{"line":37,"column":39}},"37":{"start":{"line":38,"column":0},"end":{"line":38,"column":3}},"38":{"start":{"line":39,"column":0},"end":{"line":39,"column":0}},"39":{"start":{"line":40,"column":0},"end":{"line":40,"column":21}},"40":{"start":{"line":41,"column":0},"end":{"line":41,"column":51}},"41":{"start":{"line":42,"column":0},"end":{"line":42,"column":3}},"42":{"start":{"line":43,"column":0},"end":{"line":43,"column":0}},"43":{"start":{"line":44,"column":0},"end":{"line":44,"column":72}},"44":{"start":{"line":45,"column":0},"end":{"line":45,"column":31}},"45":{"start":{"line":46,"column":0},"end":{"line":46,"column":43}},"46":{"start":{"line":47,"column":0},"end":{"line":47,"column":44}},"47":{"start":{"line":48,"column":0},"end":{"line":48,"column":5}},"48":{"start":{"line":49,"column":0},"end":{"line":49,"column":17}},"49":{"start":{"line":50,"column":0},"end":{"line":50,"column":3}},"50":{"start":{"line":51,"column":0},"end":{"line":51,"column":0}},"51":{"start":{"line":52,"column":0},"end":{"line":52,"column":31}},"52":{"start":{"line":53,"column":0},"end":{"line":53,"column":29}},"53":{"start":{"line":54,"column":0},"end":{"line":54,"column":3}},"54":{"start":{"line":55,"column":0},"end":{"line":55,"column":0}},"55":{"start":{"line":56,"column":0},"end":{"line":56,"column":22}},"56":{"start":{"line":57,"column":0},"end":{"line":57,"column":27}},"57":{"start":{"line":58,"column":0},"end":{"line":58,"column":3}},"58":{"start":{"line":59,"column":0},"end":{"line":59,"column":0}},"59":{"start":{"line":60,"column":0},"end":{"line":60,"column":29}},"60":{"start":{"line":61,"column":0},"end":{"line":61,"column":26}},"61":{"start":{"line":62,"column":0},"end":{"line":62,"column":3}},"62":{"start":{"line":63,"column":0},"end":{"line":63,"column":0}},"63":{"start":{"line":64,"column":0},"end":{"line":64,"column":33}},"64":{"start":{"line":65,"column":0},"end":{"line":65,"column":30}},"65":{"start":{"line":66,"column":0},"end":{"line":66,"column":3}},"66":{"start":{"line":67,"column":0},"end":{"line":67,"column":0}},"67":{"start":{"line":68,"column":0},"end":{"line":68,"column":30}},"68":{"start":{"line":69,"column":0},"end":{"line":69,"column":28}},"69":{"start":{"line":70,"column":0},"end":{"line":70,"column":3}},"70":{"start":{"line":71,"column":0},"end":{"line":71,"column":1}}},"s":{"0":1,"1":1,"2":1,"3":1,"4":6,"5":6,"6":6,"7":6,"8":6,"9":6,"10":6,"11":5,"12":5,"13":6,"14":6,"15":1,"16":1,"17":6,"18":6,"19":1,"20":53,"21":53,"22":53,"23":1,"24":6,"25":6,"26":0,"27":0,"28":0,"29":0,"30":0,"31":6,"32":6,"33":6,"34":1,"35":1,"36":5,"37":6,"38":6,"39":6,"40":0,"41":0,"42":6,"43":6,"44":1,"45":1,"46":3,"47":3,"48":1,"49":1,"50":6,"51":6,"52":4,"53":4,"54":6,"55":6,"56":2,"57":2,"58":6,"59":6,"60":0,"61":0,"62":6,"63":6,"64":0,"65":0,"66":6,"67":6,"68":0,"69":0,"70":6},"branchMap":{"0":{"type":"branch","line":4,"loc":{"start":{"line":4,"column":18},"end":{"line":71,"column":1}},"locations":[{"start":{"line":4,"column":18},"end":{"line":71,"column":1}}]},"1":{"type":"branch","line":7,"loc":{"start":{"line":7,"column":2},"end":{"line":9,"column":3}},"locations":[{"start":{"line":7,"column":2},"end":{"line":9,"column":3}}]},"2":{"type":"branch","line":11,"loc":{"start":{"line":11,"column":9},"end":{"line":13,"column":3}},"locations":[{"start":{"line":11,"column":9},"end":{"line":13,"column":3}}]},"3":{"type":"branch","line":15,"loc":{"start":{"line":15,"column":9},"end":{"line":17,"column":3}},"locations":[{"start":{"line":15,"column":9},"end":{"line":17,"column":3}}]},"4":{"type":"branch","line":19,"loc":{"start":{"line":19,"column":2},"end":{"line":24,"column":3}},"locations":[{"start":{"line":19,"column":2},"end":{"line":24,"column":3}}]},"5":{"type":"branch","line":20,"loc":{"start":{"line":20,"column":52},"end":{"line":23,"column":5}},"locations":[{"start":{"line":20,"column":52},"end":{"line":23,"column":5}}]},"6":{"type":"branch","line":33,"loc":{"start":{"line":33,"column":2},"end":{"line":38,"column":3}},"locations":[{"start":{"line":33,"column":2},"end":{"line":38,"column":3}}]},"7":{"type":"branch","line":34,"loc":{"start":{"line":34,"column":35},"end":{"line":36,"column":5}},"locations":[{"start":{"line":34,"column":35},"end":{"line":36,"column":5}}]},"8":{"type":"branch","line":36,"loc":{"start":{"line":36,"column":4},"end":{"line":37,"column":39}},"locations":[{"start":{"line":36,"column":4},"end":{"line":37,"column":39}}]},"9":{"type":"branch","line":44,"loc":{"start":{"line":44,"column":2},"end":{"line":50,"column":3}},"locations":[{"start":{"line":44,"column":2},"end":{"line":50,"column":3}}]},"10":{"type":"branch","line":46,"loc":{"start":{"line":46,"column":42},"end":{"line":48,"column":5}},"locations":[{"start":{"line":46,"column":42},"end":{"line":48,"column":5}}]},"11":{"type":"branch","line":52,"loc":{"start":{"line":52,"column":2},"end":{"line":54,"column":3}},"locations":[{"start":{"line":52,"column":2},"end":{"line":54,"column":3}}]},"12":{"type":"branch","line":56,"loc":{"start":{"line":56,"column":2},"end":{"line":58,"column":3}},"locations":[{"start":{"line":56,"column":2},"end":{"line":58,"column":3}}]}},"b":{"0":[6],"1":[6],"2":[5],"3":[1],"4":[1],"5":[53],"6":[6],"7":[1],"8":[5],"9":[1],"10":[3],"11":[4],"12":[2]},"fnMap":{"0":{"name":"<instance_members_initializer>","decl":{"start":{"line":4,"column":18},"end":{"line":71,"column":1}},"loc":{"start":{"line":4,"column":18},"end":{"line":71,"column":1}},"line":4},"1":{"name":"Deck","decl":{"start":{"line":7,"column":2},"end":{"line":9,"column":3}},"loc":{"start":{"line":7,"column":2},"end":{"line":9,"column":3}},"line":7},"2":{"name":"createStandardDeck","decl":{"start":{"line":11,"column":9},"end":{"line":13,"column":3}},"loc":{"start":{"line":11,"column":9},"end":{"line":13,"column":3}},"line":11},"3":{"name":"createGuanDanDeck","decl":{"start":{"line":15,"column":9},"end":{"line":17,"column":3}},"loc":{"start":{"line":15,"column":9},"end":{"line":17,"column":3}},"line":15},"4":{"name":"shuffle","decl":{"start":{"line":19,"column":2},"end":{"line":24,"column":3}},"loc":{"start":{"line":19,"column":2},"end":{"line":24,"column":3}},"line":19},"5":{"name":"shuffleFisherYates","decl":{"start":{"line":26,"column":2},"end":{"line":31,"column":3}},"loc":{"start":{"line":26,"column":2},"end":{"line":31,"column":3}},"line":26},"6":{"name":"deal","decl":{"start":{"line":33,"column":2},"end":{"line":38,"column":3}},"loc":{"start":{"line":33,"column":2},"end":{"line":38,"column":3}},"line":33},"7":{"name":"dealAll","decl":{"start":{"line":40,"column":2},"end":{"line":42,"column":3}},"loc":{"start":{"line":40,"column":2},"end":{"line":42,"column":3}},"line":40},"8":{"name":"dealToPlayers","decl":{"start":{"line":44,"column":2},"end":{"line":50,"column":3}},"loc":{"start":{"line":44,"column":2},"end":{"line":50,"column":3}},"line":44},"9":{"name":"getRemainingCount","decl":{"start":{"line":52,"column":2},"end":{"line":54,"column":3}},"loc":{"start":{"line":52,"column":2},"end":{"line":54,"column":3}},"line":52},"10":{"name":"getCards","decl":{"start":{"line":56,"column":2},"end":{"line":58,"column":3}},"loc":{"start":{"line":56,"column":2},"end":{"line":58,"column":3}},"line":56},"11":{"name":"addCard","decl":{"start":{"line":60,"column":2},"end":{"line":62,"column":3}},"loc":{"start":{"line":60,"column":2},"end":{"line":62,"column":3}},"line":60},"12":{"name":"addCards","decl":{"start":{"line":64,"column":2},"end":{"line":66,"column":3}},"loc":{"start":{"line":64,"column":2},"end":{"line":66,"column":3}},"line":64},"13":{"name":"reset","decl":{"start":{"line":68,"column":2},"end":{"line":70,"column":3}},"loc":{"start":{"line":68,"column":2},"end":{"line":70,"column":3}},"line":68}},"f":{"0":6,"1":6,"2":5,"3":1,"4":1,"5":0,"6":6,"7":0,"8":1,"9":4,"10":2,"11":0,"12":0,"13":0}}
,"/Users/markzhang/Documents/MiniPoker/packages/game-core/src/games/doudizhu/index.ts": {"path":"/Users/markzhang/Documents/MiniPoker/packages/game-core/src/games/doudizhu/index.ts","all":false,"statementMap":{"0":{"start":{"line":1,"column":0},"end":{"line":1,"column":65}},"1":{"start":{"line":2,"column":0},"end":{"line":2,"column":38}},"2":{"start":{"line":3,"column":0},"end":{"line":3,"column":38}},"3":{"start":{"line":4,"column":0},"end":{"line":4,"column":0}},"4":{"start":{"line":5,"column":0},"end":{"line":5,"column":27}},"5":{"start":{"line":6,"column":0},"end":{"line":6,"column":23}},"6":{"start":{"line":7,"column":0},"end":{"line":7,"column":28}},"7":{"start":{"line":8,"column":0},"end":{"line":8,"column":41}},"8":{"start":{"line":9,"column":0},"end":{"line":9,"column":48}},"9":{"start":{"line":10,"column":0},"end":{"line":10,"column":51}},"10":{"start":{"line":11,"column":0},"end":{"line":11,"column":45}},"11":{"start":{"line":12,"column":0},"end":{"line":12,"column":37}},"12":{"start":{"line":13,"column":0},"end":{"line":13,"column":49}},"13":{"start":{"line":14,"column":0},"end":{"line":14,"column":0}},"14":{"start":{"line":15,"column":0},"end":{"line":15,"column":38}},"15":{"start":{"line":16,"column":0},"end":{"line":16,"column":35}},"16":{"start":{"line":17,"column":0},"end":{"line":17,"column":61}},"17":{"start":{"line":18,"column":0},"end":{"line":18,"column":5}},"18":{"start":{"line":19,"column":0},"end":{"line":19,"column":0}},"19":{"start":{"line":20,"column":0},"end":{"line":20,"column":54}},"20":{"start":{"line":21,"column":0},"end":{"line":21,"column":28}},"21":{"start":{"line":22,"column":0},"end":{"line":22,"column":11}},"22":{"start":{"line":23,"column":0},"end":{"line":23,"column":16}},"23":{"start":{"line":24,"column":0},"end":{"line":24,"column":17}},"24":{"start":{"line":25,"column":0},"end":{"line":25,"column":8}},"25":{"start":{"line":26,"column":0},"end":{"line":26,"column":0}},"26":{"start":{"line":27,"column":0},"end":{"line":27,"column":50}},"27":{"start":{"line":28,"column":0},"end":{"line":28,"column":23}},"28":{"start":{"line":29,"column":0},"end":{"line":29,"column":3}},"29":{"start":{"line":30,"column":0},"end":{"line":30,"column":0}},"30":{"start":{"line":31,"column":0},"end":{"line":31,"column":31}},"31":{"start":{"line":32,"column":0},"end":{"line":32,"column":52}},"32":{"start":{"line":33,"column":0},"end":{"line":33,"column":52}},"33":{"start":{"line":34,"column":0},"end":{"line":34,"column":66}},"34":{"start":{"line":35,"column":0},"end":{"line":35,"column":5}},"35":{"start":{"line":36,"column":0},"end":{"line":36,"column":3}},"36":{"start":{"line":37,"column":0},"end":{"line":37,"column":0}},"37":{"start":{"line":38,"column":0},"end":{"line":38,"column":21}},"38":{"start":{"line":39,"column":0},"end":{"line":39,"column":34}},"39":{"start":{"line":40,"column":0},"end":{"line":40,"column":42}},"40":{"start":{"line":41,"column":0},"end":{"line":41,"column":44}},"41":{"start":{"line":42,"column":0},"end":{"line":42,"column":7}},"42":{"start":{"line":43,"column":0},"end":{"line":43,"column":5}},"43":{"start":{"line":44,"column":0},"end":{"line":44,"column":40}},"44":{"start":{"line":45,"column":0},"end":{"line":45,"column":19}},"45":{"start":{"line":46,"column":0},"end":{"line":46,"column":0}},"46":{"start":{"line":47,"column":0},"end":{"line":47,"column":40}},"47":{"start":{"line":48,"column":0},"end":{"line":48,"column":61}},"48":{"start":{"line":49,"column":0},"end":{"line":49,"column":5}},"49":{"start":{"line":50,"column":0},"end":{"line":50,"column":3}},"50":{"start":{"line":51,"column":0},"end":{"line":51,"column":0}},"51":{"start":{"line":52,"column":0},"end":{"line":52,"column":39}},"52":{"start":{"line":53,"column":0},"end":{"line":53,"column":61}},"53":{"start":{"line":54,"column":0},"end":{"line":54,"column":18}},"54":{"start":{"line":55,"column":0},"end":{"line":55,"column":42}},"55":{"start":{"line":56,"column":0},"end":{"line":56,"column":5}},"56":{"start":{"line":57,"column":0},"end":{"line":57,"column":27}},"57":{"start":{"line":58,"column":0},"end":{"line":58,"column":45}},"58":{"start":{"line":59,"column":0},"end":{"line":59,"column":59}},"59":{"start":{"line":60,"column":0},"end":{"line":60,"column":36}},"60":{"start":{"line":61,"column":0},"end":{"line":61,"column":3}},"61":{"start":{"line":62,"column":0},"end":{"line":62,"column":0}},"62":{"start":{"line":63,"column":0},"end":{"line":63,"column":26}},"63":{"start":{"line":64,"column":0},"end":{"line":64,"column":29}},"64":{"start":{"line":65,"column":0},"end":{"line":65,"column":3}},"65":{"start":{"line":66,"column":0},"end":{"line":66,"column":0}},"66":{"start":{"line":67,"column":0},"end":{"line":67,"column":51}},"67":{"start":{"line":68,"column":0},"end":{"line":68,"column":53}},"68":{"start":{"line":69,"column":0},"end":{"line":69,"column":3}},"69":{"start":{"line":70,"column":0},"end":{"line":70,"column":0}},"70":{"start":{"line":71,"column":0},"end":{"line":71,"column":32}},"71":{"start":{"line":72,"column":0},"end":{"line":72,"column":25}},"72":{"start":{"line":73,"column":0},"end":{"line":73,"column":3}},"73":{"start":{"line":74,"column":0},"end":{"line":74,"column":0}},"74":{"start":{"line":75,"column":0},"end":{"line":75,"column":39}},"75":{"start":{"line":76,"column":0},"end":{"line":76,"column":32}},"76":{"start":{"line":77,"column":0},"end":{"line":77,"column":3}},"77":{"start":{"line":78,"column":0},"end":{"line":78,"column":0}},"78":{"start":{"line":79,"column":0},"end":{"line":79,"column":42}},"79":{"start":{"line":80,"column":0},"end":{"line":80,"column":31}},"80":{"start":{"line":81,"column":0},"end":{"line":81,"column":3}},"81":{"start":{"line":82,"column":0},"end":{"line":82,"column":0}},"82":{"start":{"line":83,"column":0},"end":{"line":83,"column":30}},"83":{"start":{"line":84,"column":0},"end":{"line":84,"column":35}},"84":{"start":{"line":85,"column":0},"end":{"line":85,"column":3}},"85":{"start":{"line":86,"column":0},"end":{"line":86,"column":0}},"86":{"start":{"line":87,"column":0},"end":{"line":87,"column":40}},"87":{"start":{"line":88,"column":0},"end":{"line":88,"column":29}},"88":{"start":{"line":89,"column":0},"end":{"line":89,"column":75}},"89":{"start":{"line":90,"column":0},"end":{"line":90,"column":5}},"90":{"start":{"line":91,"column":0},"end":{"line":91,"column":0}},"91":{"start":{"line":92,"column":0},"end":{"line":92,"column":42}},"92":{"start":{"line":93,"column":0},"end":{"line":93,"column":38}},"93":{"start":{"line":94,"column":0},"end":{"line":94,"column":0}},"94":{"start":{"line":95,"column":0},"end":{"line":95,"column":36}},"95":{"start":{"line":96,"column":0},"end":{"line":96,"column":38}},"96":{"start":{"line":97,"column":0},"end":{"line":97,"column":0}},"97":{"start":{"line":98,"column":0},"end":{"line":98,"column":38}},"98":{"start":{"line":99,"column":0},"end":{"line":99,"column":38}},"99":{"start":{"line":100,"column":0},"end":{"line":100,"column":0}},"100":{"start":{"line":101,"column":0},"end":{"line":101,"column":36}},"101":{"start":{"line":102,"column":0},"end":{"line":102,"column":38}},"102":{"start":{"line":103,"column":0},"end":{"line":103,"column":0}},"103":{"start":{"line":104,"column":0},"end":{"line":104,"column":38}},"104":{"start":{"line":105,"column":0},"end":{"line":105,"column":38}},"105":{"start":{"line":106,"column":0},"end":{"line":106,"column":0}},"106":{"start":{"line":107,"column":0},"end":{"line":107,"column":41}},"107":{"start":{"line":108,"column":0},"end":{"line":108,"column":38}},"108":{"start":{"line":109,"column":0},"end":{"line":109,"column":0}},"109":{"start":{"line":110,"column":0},"end":{"line":110,"column":41}},"110":{"start":{"line":111,"column":0},"end":{"line":111,"column":38}},"111":{"start":{"line":112,"column":0},"end":{"line":112,"column":0}},"112":{"start":{"line":113,"column":0},"end":{"line":113,"column":40}},"113":{"start":{"line":114,"column":0},"end":{"line":114,"column":38}},"114":{"start":{"line":115,"column":0},"end":{"line":115,"column":0}},"115":{"start":{"line":116,"column":0},"end":{"line":116,"column":44}},"116":{"start":{"line":117,"column":0},"end":{"line":117,"column":38}},"117":{"start":{"line":118,"column":0},"end":{"line":118,"column":0}},"118":{"start":{"line":119,"column":0},"end":{"line":119,"column":37}},"119":{"start":{"line":120,"column":0},"end":{"line":120,"column":38}},"120":{"start":{"line":121,"column":0},"end":{"line":121,"column":0}},"121":{"start":{"line":122,"column":0},"end":{"line":122,"column":73}},"122":{"start":{"line":123,"column":0},"end":{"line":123,"column":3}},"123":{"start":{"line":124,"column":0},"end":{"line":124,"column":0}},"124":{"start":{"line":125,"column":0},"end":{"line":125,"column":54}},"125":{"start":{"line":126,"column":0},"end":{"line":126,"column":44}},"126":{"start":{"line":127,"column":0},"end":{"line":127,"column":19}},"127":{"start":{"line":128,"column":0},"end":{"line":128,"column":5}},"128":{"start":{"line":129,"column":0},"end":{"line":129,"column":0}},"129":{"start":{"line":130,"column":0},"end":{"line":130,"column":61}},"130":{"start":{"line":131,"column":0},"end":{"line":131,"column":18}},"131":{"start":{"line":132,"column":0},"end":{"line":132,"column":19}},"132":{"start":{"line":133,"column":0},"end":{"line":133,"column":5}},"133":{"start":{"line":134,"column":0},"end":{"line":134,"column":0}},"134":{"start":{"line":135,"column":0},"end":{"line":135,"column":45}},"135":{"start":{"line":136,"column":0},"end":{"line":136,"column":30}},"136":{"start":{"line":137,"column":0},"end":{"line":137,"column":19}},"137":{"start":{"line":138,"column":0},"end":{"line":138,"column":5}},"138":{"start":{"line":139,"column":0},"end":{"line":139,"column":0}},"139":{"start":{"line":140,"column":0},"end":{"line":140,"column":64}},"140":{"start":{"line":141,"column":0},"end":{"line":141,"column":71}},"141":{"start":{"line":142,"column":0},"end":{"line":142,"column":21}},"142":{"start":{"line":143,"column":0},"end":{"line":143,"column":7}},"143":{"start":{"line":144,"column":0},"end":{"line":144,"column":5}},"144":{"start":{"line":145,"column":0},"end":{"line":145,"column":0}},"145":{"start":{"line":146,"column":0},"end":{"line":146,"column":31}},"146":{"start":{"line":147,"column":0},"end":{"line":147,"column":66}},"147":{"start":{"line":148,"column":0},"end":{"line":148,"column":25}},"148":{"start":{"line":149,"column":0},"end":{"line":149,"column":21}},"149":{"start":{"line":150,"column":0},"end":{"line":150,"column":7}},"150":{"start":{"line":151,"column":0},"end":{"line":151,"column":36}},"151":{"start":{"line":152,"column":0},"end":{"line":152,"column":5}},"152":{"start":{"line":153,"column":0},"end":{"line":153,"column":0}},"153":{"start":{"line":154,"column":0},"end":{"line":154,"column":37}},"154":{"start":{"line":155,"column":0},"end":{"line":155,"column":33}},"155":{"start":{"line":156,"column":0},"end":{"line":156,"column":31}},"156":{"start":{"line":157,"column":0},"end":{"line":157,"column":22}},"157":{"start":{"line":158,"column":0},"end":{"line":158,"column":16}},"158":{"start":{"line":159,"column":0},"end":{"line":159,"column":3}},"159":{"start":{"line":160,"column":0},"end":{"line":160,"column":0}},"160":{"start":{"line":161,"column":0},"end":{"line":161,"column":35}},"161":{"start":{"line":162,"column":0},"end":{"line":162,"column":44}},"162":{"start":{"line":163,"column":0},"end":{"line":163,"column":19}},"163":{"start":{"line":164,"column":0},"end":{"line":164,"column":5}},"164":{"start":{"line":165,"column":0},"end":{"line":165,"column":0}},"165":{"start":{"line":166,"column":0},"end":{"line":166,"column":31}},"166":{"start":{"line":167,"column":0},"end":{"line":167,"column":19}},"167":{"start":{"line":168,"column":0},"end":{"line":168,"column":5}},"168":{"start":{"line":169,"column":0},"end":{"line":169,"column":0}},"169":{"start":{"line":170,"column":0},"end":{"line":170,"column":37}},"170":{"start":{"line":171,"column":0},"end":{"line":171,"column":0}},"171":{"start":{"line":172,"column":0},"end":{"line":172,"column":39}},"172":{"start":{"line":173,"column":0},"end":{"line":173,"column":33}},"173":{"start":{"line":174,"column":0},"end":{"line":174,"column":31}},"174":{"start":{"line":175,"column":0},"end":{"line":175,"column":33}},"175":{"start":{"line":176,"column":0},"end":{"line":176,"column":5}},"176":{"start":{"line":177,"column":0},"end":{"line":177,"column":0}},"177":{"start":{"line":178,"column":0},"end":{"line":178,"column":22}},"178":{"start":{"line":179,"column":0},"end":{"line":179,"column":16}},"179":{"start":{"line":180,"column":0},"end":{"line":180,"column":3}},"180":{"start":{"line":181,"column":0},"end":{"line":181,"column":0}},"181":{"start":{"line":182,"column":0},"end":{"line":182,"column":30}},"182":{"start":{"line":183,"column":0},"end":{"line":183,"column":84}},"183":{"start":{"line":184,"column":0},"end":{"line":184,"column":63}},"184":{"start":{"line":185,"column":0},"end":{"line":185,"column":54}},"185":{"start":{"line":186,"column":0},"end":{"line":186,"column":3}},"186":{"start":{"line":187,"column":0},"end":{"line":187,"column":0}},"187":{"start":{"line":188,"column":0},"end":{"line":188,"column":25}},"188":{"start":{"line":189,"column":0},"end":{"line":189,"column":56}},"189":{"start":{"line":190,"column":0},"end":{"line":190,"column":3}},"190":{"start":{"line":191,"column":0},"end":{"line":191,"column":0}},"191":{"start":{"line":192,"column":0},"end":{"line":192,"column":30}},"192":{"start":{"line":193,"column":0},"end":{"line":193,"column":29}},"193":{"start":{"line":194,"column":0},"end":{"line":194,"column":18}},"194":{"start":{"line":195,"column":0},"end":{"line":195,"column":5}},"195":{"start":{"line":196,"column":0},"end":{"line":196,"column":64}},"196":{"start":{"line":197,"column":0},"end":{"line":197,"column":3}},"197":{"start":{"line":198,"column":0},"end":{"line":198,"column":0}},"198":{"start":{"line":199,"column":0},"end":{"line":199,"column":35}},"199":{"start":{"line":200,"column":0},"end":{"line":200,"column":39}},"200":{"start":{"line":201,"column":0},"end":{"line":201,"column":3}},"201":{"start":{"line":202,"column":0},"end":{"line":202,"column":1}}},"s":{"0":1,"1":1,"2":1,"3":1,"4":1,"5":9,"6":9,"7":9,"8":9,"9":9,"10":9,"11":9,"12":9,"13":9,"14":9,"15":9,"16":2,"17":2,"18":7,"19":7,"20":21,"21":21,"22":21,"23":21,"24":7,"25":7,"26":7,"27":7,"28":9,"29":9,"30":9,"31":7,"32":371,"33":371,"34":371,"35":7,"36":9,"37":9,"38":5,"39":85,"40":255,"41":255,"42":85,"43":5,"44":5,"45":5,"46":5,"47":15,"48":15,"49":5,"50":9,"51":9,"52":4,"53":4,"54":0,"55":0,"56":4,"57":4,"58":4,"59":4,"60":4,"61":9,"62":9,"63":2,"64":2,"65":9,"66":9,"67":4,"68":4,"69":9,"70":9,"71":1,"72":1,"73":9,"74":9,"75":1,"76":1,"77":9,"78":9,"79":2,"80":2,"81":9,"82":9,"83":1,"84":1,"85":9,"86":9,"87":5,"88":0,"89":0,"90":5,"91":5,"92":5,"93":5,"94":5,"95":5,"96":4,"97":4,"98":5,"99":1,"100":1,"101":1,"102":0,"103":0,"104":0,"105":0,"106":0,"107":0,"108":0,"109":0,"110":0,"111":0,"112":0,"113":0,"114":0,"115":0,"116":0,"117":0,"118":0,"119":0,"120":0,"121":0,"122":5,"123":9,"124":9,"125":2,"126":0,"127":0,"128":2,"129":2,"130":2,"131":0,"132":0,"133":2,"134":2,"135":2,"136":0,"137":0,"138":2,"139":2,"140":0,"141":0,"142":0,"143":0,"144":2,"145":2,"146":2,"147":2,"148":0,"149":0,"150":2,"151":2,"152":2,"153":2,"154":2,"155":2,"156":2,"157":2,"158":2,"159":9,"160":9,"161":0,"162":0,"163":0,"164":0,"165":0,"166":0,"167":0,"168":0,"169":0,"170":0,"171":0,"172":0,"173":0,"174":0,"175":0,"176":0,"177":0,"178":0,"179":0,"180":9,"181":9,"182":2,"183":2,"184":2,"185":2,"186":9,"187":9,"188":0,"189":0,"190":9,"191":9,"192":0,"193":0,"194":0,"195":0,"196":0,"197":9,"198":9,"199":0,"200":0,"201":9},"branchMap":{"0":{"type":"branch","line":5,"loc":{"start":{"line":5,"column":26},"end":{"line":202,"column":1}},"locations":[{"start":{"line":5,"column":26},"end":{"line":202,"column":1}}]},"1":{"type":"branch","line":15,"loc":{"start":{"line":15,"column":2},"end":{"line":29,"column":3}},"locations":[{"start":{"line":15,"column":2},"end":{"line":29,"column":3}}]},"2":{"type":"branch","line":16,"loc":{"start":{"line":16,"column":34},"end":{"line":18,"column":5}},"locations":[{"start":{"line":16,"column":34},"end":{"line":18,"column":5}}]},"3":{"type":"branch","line":18,"loc":{"start":{"line":18,"column":4},"end":{"line":28,"column":23}},"locations":[{"start":{"line":18,"column":4},"end":{"line":28,"column":23}}]},"4":{"type":"branch","line":20,"loc":{"start":{"line":20,"column":35},"end":{"line":25,"column":6}},"locations":[{"start":{"line":20,"column":35},"end":{"line":25,"column":6}}]},"5":{"type":"branch","line":31,"loc":{"start":{"line":31,"column":10},"end":{"line":36,"column":3}},"locations":[{"start":{"line":31,"column":10},"end":{"line":36,"column":3}}]},"6":{"type":"branch","line":32,"loc":{"start":{"line":32,"column":51},"end":{"line":35,"column":5}},"locations":[{"start":{"line":32,"column":51},"end":{"line":35,"column":5}}]},"7":{"type":"branch","line":38,"loc":{"start":{"line":38,"column":2},"end":{"line":50,"column":3}},"locations":[{"start":{"line":38,"column":2},"end":{"line":50,"column":3}}]},"8":{"type":"branch","line":39,"loc":{"start":{"line":39,"column":33},"end":{"line":43,"column":5}},"locations":[{"start":{"line":39,"column":33},"end":{"line":43,"column":5}}]},"9":{"type":"branch","line":40,"loc":{"start":{"line":40,"column":41},"end":{"line":42,"column":7}},"locations":[{"start":{"line":40,"column":41},"end":{"line":42,"column":7}}]},"10":{"type":"branch","line":47,"loc":{"start":{"line":47,"column":39},"end":{"line":49,"column":5}},"locations":[{"start":{"line":47,"column":39},"end":{"line":49,"column":5}}]},"11":{"type":"branch","line":52,"loc":{"start":{"line":52,"column":2},"end":{"line":61,"column":3}},"locations":[{"start":{"line":52,"column":2},"end":{"line":61,"column":3}}]},"12":{"type":"branch","line":54,"loc":{"start":{"line":54,"column":17},"end":{"line":56,"column":5}},"locations":[{"start":{"line":54,"column":17},"end":{"line":56,"column":5}}]},"13":{"type":"branch","line":53,"loc":{"start":{"line":53,"column":37},"end":{"line":53,"column":59}},"locations":[{"start":{"line":53,"column":37},"end":{"line":53,"column":59}}]},"14":{"type":"branch","line":63,"loc":{"start":{"line":63,"column":2},"end":{"line":65,"column":3}},"locations":[{"start":{"line":63,"column":2},"end":{"line":65,"column":3}}]},"15":{"type":"branch","line":67,"loc":{"start":{"line":67,"column":2},"end":{"line":69,"column":3}},"locations":[{"start":{"line":67,"column":2},"end":{"line":69,"column":3}}]},"16":{"type":"branch","line":68,"loc":{"start":{"line":68,"column":29},"end":{"line":68,"column":51}},"locations":[{"start":{"line":68,"column":29},"end":{"line":68,"column":51}}]},"17":{"type":"branch","line":71,"loc":{"start":{"line":71,"column":2},"end":{"line":73,"column":3}},"locations":[{"start":{"line":71,"column":2},"end":{"line":73,"column":3}}]},"18":{"type":"branch","line":75,"loc":{"start":{"line":75,"column":2},"end":{"line":77,"column":3}},"locations":[{"start":{"line":75,"column":2},"end":{"line":77,"column":3}}]},"19":{"type":"branch","line":79,"loc":{"start":{"line":79,"column":2},"end":{"line":81,"column":3}},"locations":[{"start":{"line":79,"column":2},"end":{"line":81,"column":3}}]},"20":{"type":"branch","line":83,"loc":{"start":{"line":83,"column":2},"end":{"line":85,"column":3}},"locations":[{"start":{"line":83,"column":2},"end":{"line":85,"column":3}}]},"21":{"type":"branch","line":87,"loc":{"start":{"line":87,"column":2},"end":{"line":123,"column":3}},"locations":[{"start":{"line":87,"column":2},"end":{"line":123,"column":3}}]},"22":{"type":"branch","line":88,"loc":{"start":{"line":88,"column":28},"end":{"line":90,"column":5}},"locations":[{"start":{"line":88,"column":28},"end":{"line":90,"column":5}}]},"23":{"type":"branch","line":93,"loc":{"start":{"line":93,"column":24},"end":{"line":93,"column":38}},"locations":[{"start":{"line":93,"column":24},"end":{"line":93,"column":38}}]},"24":{"type":"branch","line":96,"loc":{"start":{"line":96,"column":24},"end":{"line":96,"column":38}},"locations":[{"start":{"line":96,"column":24},"end":{"line":96,"column":38}}]},"25":{"type":"branch","line":96,"loc":{"start":{"line":96,"column":31},"end":{"line":99,"column":31}},"locations":[{"start":{"line":96,"column":31},"end":{"line":99,"column":31}}]},"26":{"type":"branch","line":99,"loc":{"start":{"line":99,"column":24},"end":{"line":99,"column":38}},"locations":[{"start":{"line":99,"column":24},"end":{"line":99,"column":38}}]},"27":{"type":"branch","line":99,"loc":{"start":{"line":99,"column":31},"end":{"line":122,"column":73}},"locations":[{"start":{"line":99,"column":31},"end":{"line":122,"column":73}}]},"28":{"type":"branch","line":99,"loc":{"start":{"line":99,"column":31},"end":{"line":102,"column":38}},"locations":[{"start":{"line":99,"column":31},"end":{"line":102,"column":38}}]},"29":{"type":"branch","line":102,"loc":{"start":{"line":102,"column":31},"end":{"line":122,"column":73}},"locations":[{"start":{"line":102,"column":31},"end":{"line":122,"column":73}}]},"30":{"type":"branch","line":125,"loc":{"start":{"line":125,"column":2},"end":{"line":159,"column":3}},"locations":[{"start":{"line":125,"column":2},"end":{"line":159,"column":3}}]},"31":{"type":"branch","line":126,"loc":{"start":{"line":126,"column":43},"end":{"line":128,"column":5}},"locations":[{"start":{"line":126,"column":43},"end":{"line":128,"column":5}}]},"32":{"type":"branch","line":131,"loc":{"start":{"line":131,"column":17},"end":{"line":133,"column":5}},"locations":[{"start":{"line":131,"column":17},"end":{"line":133,"column":5}}]},"33":{"type":"branch","line":136,"loc":{"start":{"line":136,"column":29},"end":{"line":138,"column":5}},"locations":[{"start":{"line":136,"column":29},"end":{"line":138,"column":5}}]},"34":{"type":"branch","line":140,"loc":{"start":{"line":140,"column":13},"end":{"line":140,"column":63}},"locations":[{"start":{"line":140,"column":13},"end":{"line":140,"column":63}}]},"35":{"type":"branch","line":140,"loc":{"start":{"line":140,"column":63},"end":{"line":144,"column":5}},"locations":[{"start":{"line":140,"column":63},"end":{"line":144,"column":5}}]},"36":{"type":"branch","line":148,"loc":{"start":{"line":148,"column":24},"end":{"line":150,"column":7}},"locations":[{"start":{"line":148,"column":24},"end":{"line":150,"column":7}}]},"37":{"type":"branch","line":130,"loc":{"start":{"line":130,"column":37},"end":{"line":130,"column":59}},"locations":[{"start":{"line":130,"column":37},"end":{"line":130,"column":59}}]},"38":{"type":"branch","line":147,"loc":{"start":{"line":147,"column":43},"end":{"line":147,"column":64}},"locations":[{"start":{"line":147,"column":43},"end":{"line":147,"column":64}}]},"39":{"type":"branch","line":182,"loc":{"start":{"line":182,"column":10},"end":{"line":186,"column":3}},"locations":[{"start":{"line":182,"column":10},"end":{"line":186,"column":3}}]},"40":{"type":"branch","line":183,"loc":{"start":{"line":183,"column":48},"end":{"line":183,"column":82}},"locations":[{"start":{"line":183,"column":48},"end":{"line":183,"column":82}}]}},"b":{"0":[9],"1":[9],"2":[2],"3":[7],"4":[21],"5":[7],"6":[371],"7":[5],"8":[85],"9":[255],"10":[15],"11":[4],"12":[0],"13":[4],"14":[2],"15":[4],"16":[5],"17":[1],"18":[1],"19":[2],"20":[1],"21":[5],"22":[0],"23":[0],"24":[1],"25":[4],"26":[3],"27":[4],"28":[1],"29":[0],"30":[2],"31":[0],"32":[0],"33":[0],"34":[0],"35":[0],"36":[0],"37":[2],"38":[2],"39":[2],"40":[2]},"fnMap":{"0":{"name":"<instance_members_initializer>","decl":{"start":{"line":5,"column":26},"end":{"line":202,"column":1}},"loc":{"start":{"line":5,"column":26},"end":{"line":202,"column":1}},"line":5},"1":{"name":"DouDiZhuGame","decl":{"start":{"line":15,"column":2},"end":{"line":29,"column":3}},"loc":{"start":{"line":15,"column":2},"end":{"line":29,"column":3}},"line":15},"2":{"name":"shuffleDeck","decl":{"start":{"line":31,"column":10},"end":{"line":36,"column":3}},"loc":{"start":{"line":31,"column":10},"end":{"line":36,"column":3}},"line":31},"3":{"name":"dealCards","decl":{"start":{"line":38,"column":2},"end":{"line":50,"column":3}},"loc":{"start":{"line":38,"column":2},"end":{"line":50,"column":3}},"line":38},"4":{"name":"setLandlord","decl":{"start":{"line":52,"column":2},"end":{"line":61,"column":3}},"loc":{"start":{"line":52,"column":2},"end":{"line":61,"column":3}},"line":52},"5":{"name":"getPlayers","decl":{"start":{"line":63,"column":2},"end":{"line":65,"column":3}},"loc":{"start":{"line":63,"column":2},"end":{"line":65,"column":3}},"line":63},"6":{"name":"getPlayer","decl":{"start":{"line":67,"column":2},"end":{"line":69,"column":3}},"loc":{"start":{"line":67,"column":2},"end":{"line":69,"column":3}},"line":67},"7":{"name":"getLandlord","decl":{"start":{"line":71,"column":2},"end":{"line":73,"column":3}},"loc":{"start":{"line":71,"column":2},"end":{"line":73,"column":3}},"line":71},"8":{"name":"getCurrentPlayerId","decl":{"start":{"line":75,"column":2},"end":{"line":77,"column":3}},"loc":{"start":{"line":75,"column":2},"end":{"line":77,"column":3}},"line":75},"9":{"name":"getLastPlayedHand","decl":{"start":{"line":79,"column":2},"end":{"line":81,"column":3}},"loc":{"start":{"line":79,"column":2},"end":{"line":81,"column":3}},"line":79},"10":{"name":"getLandlordCards","decl":{"start":{"line":83,"column":2},"end":{"line":85,"column":3}},"loc":{"start":{"line":83,"column":2},"end":{"line":85,"column":3}},"line":83},"11":{"name":"checkHand","decl":{"start":{"line":87,"column":2},"end":{"line":123,"column":3}},"loc":{"start":{"line":87,"column":2},"end":{"line":123,"column":3}},"line":87},"12":{"name":"playHand","decl":{"start":{"line":125,"column":2},"end":{"line":159,"column":3}},"loc":{"start":{"line":125,"column":2},"end":{"line":159,"column":3}},"line":125},"13":{"name":"pass","decl":{"start":{"line":161,"column":2},"end":{"line":180,"column":3}},"loc":{"start":{"line":161,"column":2},"end":{"line":180,"column":3}},"line":161},"14":{"name":"nextPlayer","decl":{"start":{"line":182,"column":10},"end":{"line":186,"column":3}},"loc":{"start":{"line":182,"column":10},"end":{"line":186,"column":3}},"line":182},"15":{"name":"isGameOver","decl":{"start":{"line":188,"column":2},"end":{"line":190,"column":3}},"loc":{"start":{"line":188,"column":2},"end":{"line":190,"column":3}},"line":188},"16":{"name":"getWinner","decl":{"start":{"line":192,"column":2},"end":{"line":197,"column":3}},"loc":{"start":{"line":192,"column":2},"end":{"line":197,"column":3}},"line":192},"17":{"name":"getPassedPlayers","decl":{"start":{"line":199,"column":2},"end":{"line":201,"column":3}},"loc":{"start":{"line":199,"column":2},"end":{"line":201,"column":3}},"line":199}},"f":{"0":9,"1":9,"2":7,"3":5,"4":4,"5":2,"6":4,"7":1,"8":1,"9":2,"10":1,"11":5,"12":2,"13":0,"14":2,"15":0,"16":0,"17":0}}
,"/Users/markzhang/Documents/MiniPoker/packages/game-core/src/games/guandan/index.ts": {"path":"/Users/markzhang/Documents/MiniPoker/packages/game-core/src/games/guandan/index.ts","all":false,"statementMap":{"0":{"start":{"line":1,"column":0},"end":{"line":1,"column":71}},"1":{"start":{"line":2,"column":0},"end":{"line":2,"column":38}},"2":{"start":{"line":3,"column":0},"end":{"line":3,"column":38}},"3":{"start":{"line":4,"column":0},"end":{"line":4,"column":0}},"4":{"start":{"line":5,"column":0},"end":{"line":5,"column":26}},"5":{"start":{"line":6,"column":0},"end":{"line":6,"column":23}},"6":{"start":{"line":7,"column":0},"end":{"line":7,"column":28}},"7":{"start":{"line":8,"column":0},"end":{"line":8,"column":48}},"8":{"start":{"line":9,"column":0},"end":{"line":9,"column":51}},"9":{"start":{"line":10,"column":0},"end":{"line":10,"column":45}},"10":{"start":{"line":11,"column":0},"end":{"line":11,"column":42}},"11":{"start":{"line":12,"column":0},"end":{"line":12,"column":49}},"12":{"start":{"line":13,"column":0},"end":{"line":13,"column":0}},"13":{"start":{"line":14,"column":0},"end":{"line":14,"column":38}},"14":{"start":{"line":15,"column":0},"end":{"line":15,"column":35}},"15":{"start":{"line":16,"column":0},"end":{"line":16,"column":60}},"16":{"start":{"line":17,"column":0},"end":{"line":17,"column":5}},"17":{"start":{"line":18,"column":0},"end":{"line":18,"column":0}},"18":{"start":{"line":19,"column":0},"end":{"line":19,"column":54}},"19":{"start":{"line":20,"column":0},"end":{"line":20,"column":28}},"20":{"start":{"line":21,"column":0},"end":{"line":21,"column":11}},"21":{"start":{"line":22,"column":0},"end":{"line":22,"column":16}},"22":{"start":{"line":23,"column":0},"end":{"line":23,"column":17}},"23":{"start":{"line":24,"column":0},"end":{"line":24,"column":8}},"24":{"start":{"line":25,"column":0},"end":{"line":25,"column":0}},"25":{"start":{"line":26,"column":0},"end":{"line":26,"column":45}},"26":{"start":{"line":27,"column":0},"end":{"line":27,"column":23}},"27":{"start":{"line":28,"column":0},"end":{"line":28,"column":3}},"28":{"start":{"line":29,"column":0},"end":{"line":29,"column":0}},"29":{"start":{"line":30,"column":0},"end":{"line":30,"column":31}},"30":{"start":{"line":31,"column":0},"end":{"line":31,"column":52}},"31":{"start":{"line":32,"column":0},"end":{"line":32,"column":52}},"32":{"start":{"line":33,"column":0},"end":{"line":33,"column":66}},"33":{"start":{"line":34,"column":0},"end":{"line":34,"column":5}},"34":{"start":{"line":35,"column":0},"end":{"line":35,"column":3}},"35":{"start":{"line":36,"column":0},"end":{"line":36,"column":0}},"36":{"start":{"line":37,"column":0},"end":{"line":37,"column":21}},"37":{"start":{"line":38,"column":0},"end":{"line":38,"column":34}},"38":{"start":{"line":39,"column":0},"end":{"line":39,"column":42}},"39":{"start":{"line":40,"column":0},"end":{"line":40,"column":44}},"40":{"start":{"line":41,"column":0},"end":{"line":41,"column":7}},"41":{"start":{"line":42,"column":0},"end":{"line":42,"column":5}},"42":{"start":{"line":43,"column":0},"end":{"line":43,"column":0}},"43":{"start":{"line":44,"column":0},"end":{"line":44,"column":40}},"44":{"start":{"line":45,"column":0},"end":{"line":45,"column":61}},"45":{"start":{"line":46,"column":0},"end":{"line":46,"column":5}},"46":{"start":{"line":47,"column":0},"end":{"line":47,"column":0}},"47":{"start":{"line":48,"column":0},"end":{"line":48,"column":46}},"48":{"start":{"line":49,"column":0},"end":{"line":49,"column":3}},"49":{"start":{"line":50,"column":0},"end":{"line":50,"column":0}},"50":{"start":{"line":51,"column":0},"end":{"line":51,"column":26}},"51":{"start":{"line":52,"column":0},"end":{"line":52,"column":29}},"52":{"start":{"line":53,"column":0},"end":{"line":53,"column":3}},"53":{"start":{"line":54,"column":0},"end":{"line":54,"column":0}},"54":{"start":{"line":55,"column":0},"end":{"line":55,"column":51}},"55":{"start":{"line":56,"column":0},"end":{"line":56,"column":53}},"56":{"start":{"line":57,"column":0},"end":{"line":57,"column":3}},"57":{"start":{"line":58,"column":0},"end":{"line":58,"column":0}},"58":{"start":{"line":59,"column":0},"end":{"line":59,"column":39}},"59":{"start":{"line":60,"column":0},"end":{"line":60,"column":32}},"60":{"start":{"line":61,"column":0},"end":{"line":61,"column":3}},"61":{"start":{"line":62,"column":0},"end":{"line":62,"column":0}},"62":{"start":{"line":63,"column":0},"end":{"line":63,"column":42}},"63":{"start":{"line":64,"column":0},"end":{"line":64,"column":31}},"64":{"start":{"line":65,"column":0},"end":{"line":65,"column":3}},"65":{"start":{"line":66,"column":0},"end":{"line":66,"column":0}},"66":{"start":{"line":67,"column":0},"end":{"line":67,"column":29}},"67":{"start":{"line":68,"column":0},"end":{"line":68,"column":29}},"68":{"start":{"line":69,"column":0},"end":{"line":69,"column":3}},"69":{"start":{"line":70,"column":0},"end":{"line":70,"column":0}},"70":{"start":{"line":71,"column":0},"end":{"line":71,"column":35}},"71":{"start":{"line":72,"column":0},"end":{"line":72,"column":43}},"72":{"start":{"line":73,"column":0},"end":{"line":73,"column":3}},"73":{"start":{"line":74,"column":0},"end":{"line":74,"column":0}},"74":{"start":{"line":75,"column":0},"end":{"line":75,"column":40}},"75":{"start":{"line":76,"column":0},"end":{"line":76,"column":29}},"76":{"start":{"line":77,"column":0},"end":{"line":77,"column":75}},"77":{"start":{"line":78,"column":0},"end":{"line":78,"column":5}},"78":{"start":{"line":79,"column":0},"end":{"line":79,"column":0}},"79":{"start":{"line":80,"column":0},"end":{"line":80,"column":42}},"80":{"start":{"line":81,"column":0},"end":{"line":81,"column":38}},"81":{"start":{"line":82,"column":0},"end":{"line":82,"column":0}},"82":{"start":{"line":83,"column":0},"end":{"line":83,"column":36}},"83":{"start
[...]
}},"247":{"start":{"line":248,"column":0},"end":{"line":248,"column":70}},"248":{"start":{"line":249,"column":0},"end":{"line":249,"column":15}},"249":{"start":{"line":250,"column":0},"end":{"line":250,"column":5}},"250":{"start":{"line":251,"column":0},"end":{"line":251,"column":0}},"251":{"start":{"line":252,"column":0},"end":{"line":252,"column":14}},"252":{"start":{"line":253,"column":0},"end":{"line":253,"column":3}},"253":{"start":{"line":254,"column":0},"end":{"line":254,"column":1}}},"s":{"0":1,"1":1,"2":1,"3":1,"4":1,"5":25,"6":2,"7":2,"8":23,"9":23,"10":23,"11":23,"12":23,"13":23,"14":25,"15":1,"16":1,"17":139,"18":128,"19":128,"20":11,"21":11,"22":11,"23":11,"24":11,"25":11,"26":139,"27":1,"28":1,"29":681,"30":678,"31":678,"32":3,"33":3,"34":3,"35":3,"36":3,"37":3,"38":681,"39":1,"40":1,"41":0,"42":0,"43":0,"44":0,"45":0,"46":0,"47":0,"48":0,"49":0,"50":0,"51":0,"52":0,"53":0,"54":0,"55":0,"56":0,"57":0,"58":0,"59":0,"60":0,"61":0,"62":0,"63":0,"64":0,"65":0,"66":0,"67":1,"68":1,"69":0,"70":0,"71":0,"72":0,"73":0,"74":0,"75":0,"76":0,"77":0,"78":0,"79":0,"80":0,"81":0,"82":0,"83":0,"84":0,"85":0,"86":0,"87":0,"88":0,"89":0,"90":0,"91":0,"92":0,"93":0,"94":0,"95":1,"96":1,"97":1,"98":0,"99":0,"100":1,"101":1,"102":4,"103":0,"104":0,"105":4,"106":1,"107":5,"108":0,"109":0,"110":5,"111":1,"112":1,"113":1,"114":1,"115":1,"116":1,"117":1,"118":1,"119":1,"120":0,"121":0,"122":0,"123":0,"124":0,"125":0,"126":0,"127":0,"128":0,"129":0,"130":0,"131":0,"132":0,"133":0,"134":0,"135":0,"136":0,"137":0,"138":0,"139":0,"140":0,"141":0,"142":0,"143":0,"144":0,"145":0,"146":0,"147":0,"148":1,"149":1,"150":0,"151":0,"152":0,"153":0,"154":0,"155":0,"156":0,"157":0,"158":0,"159":0,"160":0,"161":0,"162":0,"163":0,"164":0,"165":0,"166":0,"167":0,"168":0,"169":0,"170":0,"171":0,"172":0,"173":0,"174":0,"175":0,"176":0,"177":0,"178":1,"179":1,"180":2388,"181":2388,"182":2385,"183":2385,"184":3,"185":3,"186":3,"187":3,"188":3,"189":3,"190":2388,"191":1,"192":1,"193":7,"194":6,"195":6,"196":1,"197":1,"198":7,"199":1,"200":1,"201":0,"202":0,"203":0,"204":0,"205":0,"206":0,"207":7,"208":1,"209":1,"210":19,"211":19,"212":19,"213":19,"214":19,"215":19,"216":19,"217":19,"218":19,"219":19,"220":19,"221":19,"222":19,"223":19,"224":19,"225":19,"226":19,"227":19,"228":18,"229":18,"230":1,"231":19,"232":0,"233":0,"234":1,"235":2,"236":0,"237":0,"238":1,"239":19,"240":1,"241":1,"242":0,"243":19,"244":0,"245":0,"246":0,"247":0,"248":0,"249":0,"250":0,"251":0,"252":19,"253":1},"branchMap":{"0":{"type":"branch","line":5,"loc":{"start":{"line":5,"column":9},"end":{"line":15,"column":3}},"locations":[{"start":{"line":5,"column":9},"end":{"line":15,"column":3}}]},"1":{"type":"branch","line":6,"loc":{"start":{"line":6,"column":28},"end":{"line":14,"column":6}},"locations":[{"start":{"line":6,"column":28},"end":{"line":14,"column":6}}]},"2":{"type":"branch","line":6,"loc":{"start":{"line":6,"column":28},"end":{"line":8,"column":5}},"locations":[{"start":{"line":6,"column":28},"end":{"line":8,"column":5}}]},"3":{"type":"branch","line":8,"loc":{"start":{"line":8,"column":4},"end":{"line":14,"column":6}},"locations":[{"start":{"line":8,"column":4},"end":{"line":14,"column":6}}]},"4":{"type":"branch","line":17,"loc":{"start":{"line":17,"column":9},"end":{"line":27,"column":3}},"locations":[{"start":{"line":17,"column":9},"end":{"line":27,"column":3}}]},"5":{"type":"branch","line":18,"loc":{"start":{"line":18,"column":63},"end":{"line":26,"column":6}},"locations":[{"start":{"line":18,"column":63},"end":{"line":26,"column":6}}]},"6":{"type":"branch","line":18,"loc":{"start":{"line":18,"column":63},"end":{"line":20,"column":5}},"locations":[{"start":{"line":18,"column":63},"end":{"line":20,"column":5}}]},"7":{"type":"branch","line":20,"loc":{"start":{"line":20,"column":4},"end":{"line":26,"column":6}},"locations":[{"start":{"line":20,"column":4},"end":{"line":26,"column":6}}]},"8":{"type":"branch","line":29,"loc":{"start":{"line":29,"column":9},"end":{"line":39,"column":3}},"locations":[{"start":{"line":29,"column":9},"end":{"line":39,"column":3}}]},"9":{"type":"branch","line":30,"loc":{"start":{"line":30,"column":57},"end":{"line":30,"column":98}},"locations":[{"start":{"line":30,"column":57},"end":{"line":30,"column":98}}]},"10":{"type":"branch","line":30,"loc":{"start":{"line":30,"column":98},"end":{"line":32,"column":5}},"locations":[{"start":{"line":30,"column":98},"end":{"line":32,"column":5}}]},"11":{"type":"branch","line":32,"loc":{"start":{"line":32,"column":4},"end":{"line":38,"column":6}},"locations":[{"start":{"line":32,"column":4},"end":{"line":38,"column":6}}]},"12":{"type":"branch","line":97,"loc":{"start":{"line":97,"column":9},"end":{"line":118,"column":3}},"locations":[{"start":{"line":97,"column":9},"end":{"line":118,"column":3}}]},"13":{"type":"branch","line":98,"loc":{"start":{"line":98,"column":34},"end":{"line":100,"column":5}},"locations":[{"start":{"line":98,"column":34},"end":{"line":100,"column":5}}]},"14":{"type":"branch","line":102,"loc":{"start":{"line":102,"column":53},"end":{"line":106,"column":5}},"locations":[{"start":{"line":102,"column":53},"end":{"line":106,"column":5}}]},"15":{"type":"branch","line":103,"loc":{"start":{"line":103,"column":63},"end":{"line":105,"column":7}},"locations":[{"start":{"line":103,"column":63},"end":{"line":105,"column":7}}]},"16":{"type":"branch","line":107,"loc":{"start":{"line":107,"column":36},"end":{"line":111,"column":5}},"locations":[{"start":{"line":107,"column":36},"end":{"line":111,"column":5}}]},"17":{"type":"branch","line":108,"loc":{"start":{"line":108,"column":60},"end":{"line":110,"column":7}},"locations":[{"start":{"line":108,"column":60},"end":{"line":110,"column":7}}]},"18":{"type":"branch","line":180,"loc":{"start":{"line":180,"column":9},"end":{"line":191,"column":3}},"locations":[{"start":{"line":180,"column":9},"end":{"line":191,"column":3}}]},"19":{"type":"branch","line":181,"loc":{"start":{"line":181,"column":25},"end":{"line":181,"column":65}},"locations":[{"start":{"line":181,"column":25},"end":{"line":181,"column":65}}]},"20":{"type":"branch","line":181,"loc":{"start":{"line":181,"column":57},"end":{"line":182,"column":43}},"locations":[{"start":{"line":181,"column":57},"end":{"line":182,"column":43}}]},"21":{"type":"branch","line":182,"loc":{"start":{"line":182,"column":35},"end":{"line":182,"column":76}},"locations":[{"start":{"line":182,"column":35},"end":{"line":182,"column":76}}]},"22":{"type":"branch","line":182,"loc":{"start":{"line":182,"column":76},"end":{"line":190,"column":6}},"locations":[{"start":{"line":182,"column":76},"end":{"line":190,"column":6}}]},"23":{"type":"branch","line":182,"loc":{"start":{"line":182,"column":76},"end":{"line":184,"column":5}},"locations":[{"start":{"line":182,"column":76},"end":{"line":184,"column":5}}]},"24":{"type":"branch","line":184,"loc":{"start":{"line":184,"column":4},"end":{"line":190,"column":6}},"locations":[{"start":{"line":184,"column":4},"end":{"line":190,"column":6}}]},"25":{"type":"branch","line":193,"loc":{"start":{"line":193,"column":9},"end":{"line":208,"column":3}},"locations":[{"start":{"line":193,"column":9},"end":{"line":208,"column":3}}]},"26":{"type":"branch","line":194,"loc":{"start":{"line":194,"column":28},"end":{"line":199,"column":40}},"locations":[{"start":{"line":194,"column":28},"end":{"line":199,"column":40}}]},"27":{"type":"branch","line":196,"loc":{"start":{"line":196,"column":4},"end":{"line":199,"column":40}},"locations":[{"start":{"line":196,"column":4},"end":{"line":199,"column":40}}]},"28":{"type":"branch","line":196,"loc":{"start":{"line":196,"column":4},"end":{"line":199,"column":26}},"locations":[{"start":{"line":196,"column":4},"end":{"line":199,"column":26}}]},"29":{"type":"branch","line":199,"loc":{"start":{"line":199,"column":9},"end":{"line":199,"column":40}},"locations":[{"start":{"line":199,"column":9},"end":{"line":199,"column":40}}]},"30":{"type":"branch","line":199,"loc":{"start":{"line":199,"column":40},"end":{"line":207,"column":6}},"locations":[{"start":{"line":199,"column":40},"end":{"line":207,"column":6}}]},"31":{"type":"branch","line":199,"loc":{"start":{"line":199,"column":40},"end":{"line":201,"column":5}},"locations":[{"start":{"line":199,"column":40},"end":{"line":201,"column":5}}]},"32":{"type":"branch","line":201,"loc":{"start":{"line":201,"column":4},"end":{"line":207,"column":6}},"locations":[{"start":{"line":201,"column":4},"end":{"line":207,"column":6}}]},"33":{"type":"branch","line":197,"loc":{"start":{"line":197,"column":37},"end":{"line":197,"column":75}},"locations":[{"start":{"line":197,"column":37},"end":{"line":197,"column":75}}]},"34":{"type":"branch","line":198,"loc":{"start":{"line":198,"column":35},"end":{"line":198,"column":71}},"locations":[{"start":{"line":198,"column":35},"end":{"line":198,"column":71}}]},"35":{"type":"branch","line":210,"loc":{"start":{"line":210,"column":9},"end":{"line":253,"column":3}},"locations":[{"start":{"line":210,"column":9},"end":{"line":253,"column":3}}]},"36":{"type":"branch","line":228,"loc":{"start":{"line":228,"column":35},"end":{"line":232,"column":40}},"locations":[{"start":{"line":228,"column":35},"end":{"line":232,"column":40}}]},"37":{"type":"branch","line":230,"loc":{"start":{"line":230,"column":4},"end":{"line":232,"column":40}},"locations":[{"start":{"line":230,"column":4},"end":{"line":232,"column":40}}]},"38":{"type":"branch","line":232,"loc":{"start":{"line":232,"column":40},"end":{"line":240,"column":70}},"locations":[{"start":{"line":232,"column":40},"end":{"line":240,"column":70}}]},"39":{"type":"branch","line":232,"loc":{"start":{"line":232,"column":40},"end":{"line":234,"column":5}},"locations":[{"start":{"line":232,"column":40},"end":{"line":234,"column":5}}]},"40":{"type":"branch","line":234,"loc":{"start":{"line":234,"column":4},"end":{"line":236,"column":40}},"locations":[{"start":{"line":234,"column":4},"end":{"line":236,"column":40}}]},"41":{"type":"branch","line":236,"loc":{"start":{"line":236,"column":40},"end":{"line":238,"column":5}},"locations":[{"start":{"line":236,"column":40},"end":{"line":238,"column":5}}]},"42":{"type":"branch","line":238,"loc":{"start":{"line":238,"column":4},"end":{"line":240,"column":70}},"locations":[{"start":{"line":238,"column":4},"end":{"line":240,"column":70}}]},"43":{"type":"branch","line":240,"loc":{"start":{"line":240,"column":70},"end":{"line":244,"column":70}},"locations":[{"start":{"line":240,"column":70},"end":{"line":244,"column":70}}]},"44":{"type":"branch","line":240,"loc":{"start":{"line":240,"column":70},"end":{"line":242,"column":5}},"locations":[{"start":{"line":240,"column":70},"end":{"line":242,"column":5}}]},"45":{"type":"branch","line":242,"loc":{"start":{"line":242,"column":4},"end":{"line":244,"column":70}},"locations":[{"start":{"line":242,"column":4},"end":{"line":244,"column":70}}]},"46":{"type":"branch","line":244,"loc":{"start":{"line":244,"column":70},"end":{"line":252,"column":14}},"locations":[{"start":{"line":244,"column":70},"end":{"line":252,"column":14}}]}},"b":{"0":[25],"1":[24],"2":[2],"3":[23],"4":[139],"5":[138],"6":[128],"7":[11],"8":[681],"9":[62],"10":[678],"11":[3],"12":[1],"13":[0],"14":[4],"15":[0],"16":[5],"17":[0],"18":[2388],"19":[2383],"20":[271],"21":[12],"22":[2387],"23":[2385],"24":[3],"25":[7],"26":[6],"27":[4],"28":[1],"29":[0],"30":[4],"31":[1],"32":[0],"33":[2],"34":[2],"35":[19],"36":[18],"37":[1],"38":[2],"39":[0],"40":[1],"41":[0],"42":[1],"43":[2],"44":[1],"45":[0],"46":[0]},"fnMap":{"0":{"name":"isSingle","decl":{"start":{"line":5,"column":9},"end":{"line":15,"column":3}},"loc":{"start":{"line":5,"column":9},"end":{"line":15,"column":3}},"line":5},"1":{"name":"isPair","decl":{"start":{"line":17,"column":9},"end":{"line":27,"column":3}},"loc":{"start":{"line":17,"column":9},"end":{"line":27,"column":3}},"line":17},"2":{"name":"isTriple","decl":{"start":{"line":29,"column":9},"end":{"line":39,"column":3}},"loc":{"start":{"line":29,"column":9},"end":{"line":39,"column":3}},"line":29},"3":{"name":"isTripleOne","decl":{"start":{"line":41,"column":9},"end":{"line":67,"column":3}},"loc":{"start":{"line":41,"column":9},"end":{"line":67,"column":3}},"line":41},"4":{"name":"isTripleTwo","decl":{"start":{"line":69,"column":9},"end":{"line":95,"column":3}},"loc":{"start":{"line":69,"column":9},"end":{"line":95,"column":3}},"line":69},"5":{"name":"isStraight","decl":{"start":{"line":97,"column":9},"end":{"line":118,"column":3}},"loc":{"start":{"line":97,"column":9},"end":{"line":118,"column":3}},"line":97},"6":{"name":"isStraightPair","decl":{"start":{"line":120,"column":9},"end":{"line":148,"column":3}},"loc":{"start":{"line":120,"column":9},"end":{"line":148,"column":3}},"line":120},"7":{"name":"isPlane","decl":{"start":{"line":150,"column":9},"end":{"line":178,"column":3}},"loc":{"start":{"line":150,"column":9},"end":{"line":178,"column":3}},"line":150},"8":{"name":"isBomb","decl":{"start":{"line":180,"column":9},"end":{"line":191,"column":3}},"loc":{"start":{"line":180,"column":9},"end":{"line":191,"column":3}},"line":180},"9":{"name":"isRocket","decl":{"start":{"line":193,"column":9},"end":{"line":208,"column":3}},"loc":{"start":{"line":193,"column":9},"end":{"line":208,"column":3}},"line":193},"10":{"name":"compareHand","decl":{"start":{"line":210,"column":9},"end":{"line":253,"column":3}},"loc":{"start":{"line":210,"column":9},"end":{"line":253,"column":3}},"line":210}},"f":{"0":25,"1":139,"2":681,"3":0,"4":0,"5":1,"6":0,"7":0,"8":2388,"9":7,"10":19}}
,"/Users/markzhang/Documents/MiniPoker/packages/game-core/src/types/index.ts": {"path":"/Users/markzhang/Documents/MiniPoker/packages/game-core/src/types/index.ts","all":false,"statementMap":{"0":{"start":{"line":1,"column":0},"end":{"line":1,"column":18}},"1":{"start":{"line":2,"column":0},"end":{"line":2,"column":18}},"2":{"start":{"line":3,"column":0},"end":{"line":3,"column":18}},"3":{"start":{"line":4,"column":0},"end":{"line":4,"column":16}},"4":{"start":{"line":5,"column":0},"end":{"line":5,"column":22}},"5":{"start":{"line":6,"column":0},"end":{"line":6,"column":30}},"6":{"start":{"line":7,"column":0},"end":{"line":7,"column":25}},"7":{"start":{"line":8,"column":0},"end":{"line":8,"column":1}},"8":{"start":{"line":9,"column":0},"end":{"line":9,"column":0}},"9":{"start":{"line":10,"column":0},"end":{"line":10,"column":18}},"10":{"start":{"line":11,"column":0},"end":{"line":11,"column":12}},"11":{"start":{"line":12,"column":0},"end":{"line":12,"column":11}},"12":{"start":{"line":13,"column":0},"end":{"line":13,"column":11}},"13":{"start":{"line":14,"column":0},"end":{"line":14,"column":10}},"14":{"start":{"line":15,"column":0},"end":{"line":15,"column":12}},"15":{"start":{"line":16,"column":0},"end":{"line":16,"column":12}},"16":{"start":{"line":17,"column":0},"end":{"line":17,"column":11}},"17":{"start":{"line":18,"column":0},"end":{"line":18,"column":11}},"18":{"start":{"line":19,"column":0},"end":{"line":19,"column":9}},"19":{"start":{"line":20,"column":0},"end":{"line":20,"column":12}},"20":{"start":{"line":21,"column":0},"end":{"line":21,"column":9}},"21":{"start":{"line":22,"column":0},"end":{"line":22,"column":13}},"22":{"start":{"line":23,"column":0},"end":{"line":23,"column":9}},"23":{"start":{"line":24,"column":0},"end":{"line":24,"column":12}},"24":{"start":{"line":25,"column":0},"end":{"line":25,"column":9}},"25":{"start":{"line":26,"column":0},"end":{"line":26,"column":11}},"26":{"start":{"line":27,"column":0},"end":{"line":27,"column":11}},"27":{"start":{"line":28,"column":0},"end":{"line":28,"column":19}},"28":{"start":{"line":29,"column":0},"end":{"line":29,"column":16}},"29":{"start":{"line":30,"column":0},"end":{"line":30,"column":1}},"30":{"start":{"line":31,"column":0},"end":{"line":31,"column":0}},"31":{"start":{"line":32,"column":0},"end":{"line":32,"column":23}},"32":{"start":{"line":33,"column":0},"end":{"line":33,"column":13}},"33":{"start":{"line":34,"column":0},"end":{"line":34,"column":13}},"34":{"start":{"line":35,"column":0},"end":{"line":35,"column":13}},"35":{"start":{"line":36,"column":0},"end":{"line":36,"column":1}},"36":{"start":{"line":37,"column":0},"end":{"line":37,"column":0}},"37":{"start":{"line":38,"column":0},"end":{"line":38,"column":22}},"38":{"start":{"line":39,"column":0},"end":{"line":39,"column":20}},"39":{"start":{"line":40,"column":0},"end":{"line":40,"column":16}},"40":{"start":{"line":41,"column":0},"end":{"line":41,"column":20}},"41":{"start":{"line":42,"column":0},"end":{"line":42,"column":28}},"42":{"start":{"line":43,"column":0},"end":{"line":43,"column":28}},"43":{"start":{"line":44,"column":0},"end":{"line":44,"column":24}},"44":{"start":{"line":45,"column":0},"end":{"line":45,"column":34}},"45":{"start":{"line":46,"column":0},"end":{"line":46,"column":18}},"46":{"start":{"line":47,"column":0},"end":{"line":47,"column":42}},"47":{"start":{"line":48,"column":0},"end":{"line":48,"column":38}},"48":{"start":{"line":49,"column":0},"end":{"line":49,"column":24}},"49":{"start":{"line":50,"column":0},"end":{"line":50,"column":34}},"50":{"start":{"line":51,"column":0},"end":{"line":51,"column":16}},"51":{"start":{"line":52,"column":0},"end":{"line":52,"column":19}},"52":{"start":{"line":53,"column":0},"end":{"line":53,"column":1}},"53":{"start":{"line":54,"column":0},"end":{"line":54,"column":0}},"54":{"start":{"line":55,"column":0},"end":{"line":55,"column":29}},"55":{"start":{"line":56,"column":0},"end":{"line":56,"column":17}},"56":{"start":{"line":57,"column":0},"end":{"line":57,"column":19}},"57":{"start":{"line":58,"column":0},"end":{"line":58,"column":19}},"58":{"start":{"line":59,"column":0},"end":{"line":59,"column":16}},"59":{"start":{"line":60,"column":0},"end":{"line":60,"column":19}},"60":{"start":{"line":61,"column":0},"end":{"line":61,"column":1}},"61":{"start":{"line":62,"column":0},"end":{"line":62,"column":0}},"62":{"start":{"line":63,"column":0},"end":{"line":63,"column":22}},"63":{"start":{"line":64,"column":0},"end":{"line":64,"column":26}},"64":{"start":{"line":65,"column":0},"end":{"line":65,"column":24}},"65":{"start":{"line":66,"column":0},"end":{"line":66,"column":29}},"66":{"start":{"line":67,"column":0},"end":{"line":67,"column":1}},"67":{"start":{"line":68,"column":0},"end":{"line":68,"column":0}},"68":{"start":{"line":69,"column":0},"end":{"line":69,"column":25}},"69":{"start":{"line":70,"column":0},"end":{"line":70,"column":13}},"70":{"start":{"line":71,"column":0},"end":{"line":71,"column":15}},"71":{"start":{"line":72,"column":0},"end":{"line":72,"column":16}},"72":{"start":{"line":73,"column":0},"end":{"line":73,"column":16}},"73":{"start":{"line":74,"column":0},"end":{"line":74,"column":1}}},"s":{"0":1,"1":1,"2":1,"3":1,"4":1,"5":1,"6":1,"7":1,"8":1,"9":1,"10":1,"11":1,"12":1,"13":1,"14":1,"15":1,"16":1,"17":1,"18":1,"19":1,"20":1,"21":1,"22":1,"23":1,"24":1,"25":1,"26":1,"27":1,"28":1,"29":1,"30":1,"31":1,"32":1,"33":1,"34":1,"35":1,"36":1,"37":1,"38":1,"39":1,"40":1,"41":1,"42":1,"43":1,"44":1,"45":1,"46":1,"47":1,"48":1,"49":1,"50":1,"51":1,"52":1,"53":1,"54":1,"55":1,"56":1,"57":1,"58":1,"59":1,"60":1,"61":1,"62":1,"63":1,"64":1,"65":1,"66":1,"67":1,"68":1,"69":1,"70":1,"71":1,"72":1,"73":1},"branchMap":{"0":{"type":"branch","line":1,"loc":{"start":{"line":1,"column":7},"end":{"line":1,"column":18}},"locations":[{"start":{"line":1,"column":7},"end":{"line":1,"column":18}}]},"1":{"type":"branch","line":10,"loc":{"start":{"line":10,"column":7},"end":{"line":10,"column":18}},"locations":[{"start":{"line":10,"column":7},"end":{"line":10,"column":18}}]},"2":{"type":"branch","line":38,"loc":{"start":{"line":38,"column":7},"end":{"line":38,"column":22}},"locations":[{"start":{"line":38,"column":7},"end":{"line":38,"column":22}}]},"3":{"type":"branch","line":63,"loc":{"start":{"line":63,"column":7},"end":{"line":63,"column":22}},"locations":[{"start":{"line":63,"column":7},"end":{"line":63,"column":22}}]}},"b":{"0":[7],"1":[7],"2":[7],"3":[7]},"fnMap":{},"f":{}}
}
